loading data /work/group/kalescky/projects/04_ml_rho/data/qm9/qm9vasp.txt
slurmstepd: error: *** JOB 11875 ON bcm-dgxa100-0010 CANCELLED AT 2023-10-01T16:38:35 ***
Filling rotating data pool of size 20
Filling rotating data pool of size 20
Preloading validation batch
model has 2071681 parameters
start training
/users/gmongaras/miniconda3/lib/python3.10/site-packages/torch/optim/optimizer.py:243: UserWarning: 'has_cuda' is deprecated, please use 'torch.backends.cuda.is_built()'
  if not is_compiling() and torch.has_cuda and torch.cuda.is_available():
step=0, val_mae=0.0848916, val_rmse=0.336918, sqrt(train_loss)=0.318621
data_timer 0.276427 (0.276427) transfer_timer 0.001532 (0.001532) train_timer 0.233722 (0.233722) eval_time 0.327157 (0.327157)
step=5000, val_mae=0.00452977, val_rmse=0.0143765, sqrt(train_loss)=0.0581039
data_timer 0.341070 (0.037792) transfer_timer 0.000487 (0.000325) train_timer 0.031505 (0.029979) eval_time 0.312396 (0.319776)
step=10000, val_mae=0.00316573, val_rmse=0.0116009, sqrt(train_loss)=0.013173
data_timer 0.356557 (0.038180) transfer_timer 0.000515 (0.000332) train_timer 0.029267 (0.030241) eval_time 0.314005 (0.317853)
step=15000, val_mae=0.0031182, val_rmse=0.0116165, sqrt(train_loss)=0.0116782
data_timer 0.349154 (0.038347) transfer_timer 0.000484 (0.000335) train_timer 0.032872 (0.030485) eval_time 0.277720 (0.307819)
step=20000, val_mae=0.00392957, val_rmse=0.0111783, sqrt(train_loss)=0.0106937
data_timer 0.391732 (0.038848) transfer_timer 0.000853 (0.000342) train_timer 0.030928 (0.030746) eval_time 0.227840 (0.291823)
step=25000, val_mae=0.00293023, val_rmse=0.00990782, sqrt(train_loss)=0.0108822
data_timer 0.330038 (0.039189) transfer_timer 0.000543 (0.000344) train_timer 0.030543 (0.030928) eval_time 0.326565 (0.297614)
step=30000, val_mae=0.00238493, val_rmse=0.00945298, sqrt(train_loss)=0.010288
data_timer 0.393560 (0.039577) transfer_timer 0.000501 (0.000345) train_timer 0.028718 (0.031051) eval_time 0.272747 (0.294061)
step=35000, val_mae=0.00300835, val_rmse=0.0110205, sqrt(train_loss)=0.00935647
data_timer 0.367724 (0.039759) transfer_timer 0.001093 (0.000345) train_timer 0.079662 (0.031122) eval_time 0.250553 (0.288623)
step=40000, val_mae=0.00227702, val_rmse=0.00872458, sqrt(train_loss)=0.00888579
data_timer 0.419706 (0.039946) transfer_timer 0.000456 (0.000346) train_timer 0.030675 (0.031213) eval_time 0.274995 (0.287109)
step=45000, val_mae=0.00196051, val_rmse=0.00781763, sqrt(train_loss)=0.00849524
data_timer 0.358006 (0.040089) transfer_timer 0.000492 (0.000346) train_timer 0.032055 (0.031279) eval_time 0.303790 (0.288777)
step=50000, val_mae=0.00219748, val_rmse=0.00851068, sqrt(train_loss)=0.00850469
data_timer 0.385239 (0.040139) transfer_timer 0.000642 (0.000347) train_timer 0.091504 (0.031344) eval_time 0.241689 (0.284496)
step=55000, val_mae=0.00241321, val_rmse=0.00829237, sqrt(train_loss)=0.00837505
data_timer 0.347728 (0.040202) transfer_timer 0.000511 (0.000346) train_timer 0.031319 (0.031399) eval_time 0.264337 (0.282816)
step=60000, val_mae=0.00218214, val_rmse=0.00867339, sqrt(train_loss)=0.00786896
data_timer 0.394200 (0.040230) transfer_timer 0.000534 (0.000347) train_timer 0.049356 (0.031447) eval_time 0.202941 (0.276672)
step=65000, val_mae=0.00288414, val_rmse=0.00943129, sqrt(train_loss)=0.00764681
data_timer 0.394672 (0.040318) transfer_timer 0.000510 (0.000348) train_timer 0.031874 (0.031515) eval_time 0.336490 (0.280945)
step=70000, val_mae=0.00211654, val_rmse=0.00792862, sqrt(train_loss)=0.00698509
data_timer 0.375035 (0.040452) transfer_timer 0.000539 (0.000348) train_timer 0.030942 (0.031526) eval_time 0.257067 (0.279353)
step=75000, val_mae=0.00204314, val_rmse=0.00719228, sqrt(train_loss)=0.00686901
data_timer 0.349743 (0.040531) transfer_timer 0.002525 (0.000348) train_timer 0.098107 (0.031555) eval_time 0.256307 (0.277912)
step=80000, val_mae=0.00198975, val_rmse=0.00693802, sqrt(train_loss)=0.00670724
data_timer 0.366968 (0.040617) transfer_timer 0.000503 (0.000349) train_timer 0.031908 (0.031606) eval_time 0.238460 (0.275592)
step=85000, val_mae=0.00176854, val_rmse=0.00627961, sqrt(train_loss)=0.00643464
data_timer 0.381833 (0.040680) transfer_timer 0.000622 (0.000349) train_timer 0.097772 (0.031637) eval_time 0.305070 (0.277229)
step=90000, val_mae=0.00171698, val_rmse=0.00629795, sqrt(train_loss)=0.0062068
data_timer 0.341808 (0.040736) transfer_timer 0.000513 (0.000350) train_timer 0.028411 (0.031674) eval_time 0.347389 (0.280922)
step=95000, val_mae=0.00181184, val_rmse=0.00622964, sqrt(train_loss)=0.00600199
data_timer 0.354374 (0.040785) transfer_timer 0.000576 (0.000350) train_timer 0.033074 (0.031702) eval_time 0.315591 (0.282655)
step=100000, val_mae=0.00157176, val_rmse=0.00562237, sqrt(train_loss)=0.00601503
data_timer 0.394849 (0.040831) transfer_timer 0.000543 (0.000351) train_timer 0.029362 (0.031731) eval_time 0.290684 (0.283038)
step=105000, val_mae=0.00164118, val_rmse=0.00548293, sqrt(train_loss)=0.00583058
data_timer 0.382868 (0.041019) transfer_timer 0.000491 (0.000352) train_timer 0.051967 (0.031778) eval_time 0.303986 (0.283990)
step=110000, val_mae=0.00164788, val_rmse=0.00586239, sqrt(train_loss)=0.00559695
data_timer 0.361677 (0.041062) transfer_timer 0.000510 (0.000352) train_timer 0.069741 (0.031800) eval_time 0.277209 (0.283695)
step=115000, val_mae=0.00146332, val_rmse=0.00525237, sqrt(train_loss)=0.00533144
data_timer 0.437427 (0.041192) transfer_timer 0.000482 (0.000352) train_timer 0.089140 (0.031823) eval_time 0.312554 (0.284898)
step=120000, val_mae=0.00243472, val_rmse=0.00590131, sqrt(train_loss)=0.00528756
data_timer 0.439555 (0.041341) transfer_timer 0.000467 (0.000353) train_timer 0.029905 (0.031854) eval_time 0.203234 (0.281631)
step=125000, val_mae=0.00144865, val_rmse=0.00565329, sqrt(train_loss)=0.00539192
data_timer 0.431441 (0.041481) transfer_timer 0.000499 (0.000354) train_timer 0.029050 (0.031885) eval_time 0.337944 (0.283797)
step=130000, val_mae=0.0014446, val_rmse=0.004991, sqrt(train_loss)=0.00499613
data_timer 0.384206 (0.041614) transfer_timer 0.000527 (0.000356) train_timer 0.035828 (0.031931) eval_time 0.398673 (0.288052)
step=135000, val_mae=0.00215271, val_rmse=0.00617138, sqrt(train_loss)=0.00520057
data_timer 0.447000 (0.041732) transfer_timer 0.005758 (0.000357) train_timer 0.060856 (0.031972) eval_time 0.203426 (0.285029)
step=140000, val_mae=0.0017745, val_rmse=0.00509776, sqrt(train_loss)=0.00491297
data_timer 0.434583 (0.041898) transfer_timer 0.000522 (0.000358) train_timer 0.048564 (0.032016) eval_time 0.231699 (0.283190)
step=145000, val_mae=0.00131663, val_rmse=0.00450653, sqrt(train_loss)=0.00473066
data_timer 0.398494 (0.042003) transfer_timer 0.000484 (0.000358) train_timer 0.031381 (0.032050) eval_time 0.279339 (0.283062)
step=150000, val_mae=0.00142921, val_rmse=0.00510332, sqrt(train_loss)=0.004825
data_timer 0.385520 (0.042103) transfer_timer 0.000526 (0.000359) train_timer 0.029577 (0.032083) eval_time 0.237169 (0.281581)
step=155000, val_mae=0.00128349, val_rmse=0.00502399, sqrt(train_loss)=0.00458949
data_timer 0.403512 (0.042192) transfer_timer 0.000507 (0.000361) train_timer 0.061059 (0.032131) eval_time 0.275405 (0.281388)
step=160000, val_mae=0.00148186, val_rmse=0.00462637, sqrt(train_loss)=0.00454679
data_timer 0.445118 (0.042289) transfer_timer 0.001132 (0.000361) train_timer 0.060132 (0.032158) eval_time 0.285270 (0.281506)
step=165000, val_mae=0.00151143, val_rmse=0.00577607, sqrt(train_loss)=0.00439702
data_timer 0.442730 (0.042385) transfer_timer 0.001468 (0.000362) train_timer 0.045147 (0.032186) eval_time 0.199605 (0.279097)
step=170000, val_mae=0.00120033, val_rmse=0.0043773, sqrt(train_loss)=0.00455447
data_timer 0.427824 (0.042465) transfer_timer 0.000517 (0.000362) train_timer 0.031856 (0.032217) eval_time 0.354519 (0.281252)
step=175000, val_mae=0.00118979, val_rmse=0.00413902, sqrt(train_loss)=0.00441218
data_timer 0.432227 (0.042559) transfer_timer 0.001285 (0.000363) train_timer 0.087321 (0.032249) eval_time 0.302125 (0.281832)
step=180000, val_mae=0.00114269, val_rmse=0.0042376, sqrt(train_loss)=0.00425602
data_timer 0.387004 (0.042626) transfer_timer 0.000572 (0.000363) train_timer 0.030045 (0.032277) eval_time 0.404887 (0.285158)
step=185000, val_mae=0.00116974, val_rmse=0.0042758, sqrt(train_loss)=0.00429064
data_timer 0.409598 (0.042703) transfer_timer 0.000482 (0.000364) train_timer 0.028007 (0.032304) eval_time 0.231288 (0.283740)
step=190000, val_mae=0.0012877, val_rmse=0.00400407, sqrt(train_loss)=0.00428182
data_timer 0.394509 (0.042777) transfer_timer 0.000532 (0.000365) train_timer 0.029976 (0.032324) eval_time 0.273806 (0.283485)
step=195000, val_mae=0.00117933, val_rmse=0.00428327, sqrt(train_loss)=0.00407202
data_timer 0.379948 (0.042847) transfer_timer 0.000545 (0.000366) train_timer 0.029275 (0.032346) eval_time 0.257424 (0.282834)
step=200000, val_mae=0.00122143, val_rmse=0.00436262, sqrt(train_loss)=0.00407962
data_timer 0.391151 (0.042926) transfer_timer 0.000573 (0.000367) train_timer 0.028508 (0.032371) eval_time 0.264954 (0.282398)
step=205000, val_mae=0.00125123, val_rmse=0.00421396, sqrt(train_loss)=0.00389536
data_timer 0.404607 (0.042994) transfer_timer 0.000474 (0.000367) train_timer 0.031714 (0.032401) eval_time 0.301322 (0.282848)
step=210000, val_mae=0.00143735, val_rmse=0.00427793, sqrt(train_loss)=0.00393118
data_timer 0.372829 (0.043044) transfer_timer 0.000503 (0.000367) train_timer 0.029152 (0.032428) eval_time 0.255740 (0.282218)
step=215000, val_mae=0.00190942, val_rmse=0.00642763, sqrt(train_loss)=0.00385782
data_timer 0.416630 (0.043093) transfer_timer 0.000497 (0.000368) train_timer 0.031296 (0.032451) eval_time 0.216530 (0.280725)
step=220000, val_mae=0.0017332, val_rmse=0.00401972, sqrt(train_loss)=0.00383642
data_timer 0.417317 (0.043165) transfer_timer 0.000484 (0.000369) train_timer 0.028005 (0.032481) eval_time 0.264643 (0.280368)
step=225000, val_mae=0.00129315, val_rmse=0.00421748, sqrt(train_loss)=0.00387269
data_timer 0.395218 (0.043227) transfer_timer 0.001065 (0.000369) train_timer 0.037974 (0.032506) eval_time 0.204864 (0.278726)
step=230000, val_mae=0.00117485, val_rmse=0.00416371, sqrt(train_loss)=0.00384219
data_timer 0.400697 (0.043297) transfer_timer 0.000573 (0.000369) train_timer 0.064383 (0.032527) eval_time 0.236613 (0.277830)
step=235000, val_mae=0.00138453, val_rmse=0.00386228, sqrt(train_loss)=0.00373749
data_timer 0.446913 (0.043421) transfer_timer 0.000538 (0.000370) train_timer 0.029924 (0.032566) eval_time 0.202581 (0.276262)
step=240000, val_mae=0.00138286, val_rmse=0.00413573, sqrt(train_loss)=0.00371658
data_timer 0.431351 (0.043494) transfer_timer 0.000491 (0.000370) train_timer 0.029982 (0.032587) eval_time 0.305963 (0.276869)
step=245000, val_mae=0.00123874, val_rmse=0.0036945, sqrt(train_loss)=0.00375944
data_timer 0.415062 (0.043565) transfer_timer 0.000504 (0.000371) train_timer 0.032170 (0.032604) eval_time 0.204180 (0.275415)
step=250000, val_mae=0.00143628, val_rmse=0.00462188, sqrt(train_loss)=0.00375238
data_timer 0.423718 (0.043625) transfer_timer 0.000500 (0.000371) train_timer 0.037152 (0.032619) eval_time 0.285600 (0.275615)
step=255000, val_mae=0.00142505, val_rmse=0.00415141, sqrt(train_loss)=0.00357137
data_timer 0.427366 (0.043680) transfer_timer 0.000460 (0.000371) train_timer 0.030688 (0.032632) eval_time 0.200039 (0.274161)
step=260000, val_mae=0.00102478, val_rmse=0.00367592, sqrt(train_loss)=0.00359461
data_timer 0.434969 (0.043751) transfer_timer 0.000524 (0.000372) train_timer 0.029518 (0.032646) eval_time 0.330013 (0.275215)
step=265000, val_mae=0.00120217, val_rmse=0.00381338, sqrt(train_loss)=0.0035164
data_timer 0.477144 (0.043826) transfer_timer 0.000512 (0.000372) train_timer 0.060551 (0.032668) eval_time 0.230823 (0.274393)
step=270000, val_mae=0.00105412, val_rmse=0.00380256, sqrt(train_loss)=0.00348238
data_timer 0.401206 (0.043902) transfer_timer 0.000493 (0.000373) train_timer 0.031732 (0.032681) eval_time 0.347221 (0.275717)
step=275000, val_mae=0.00130496, val_rmse=0.00457743, sqrt(train_loss)=0.00355083
data_timer 0.409911 (0.043968) transfer_timer 0.011639 (0.000373) train_timer 0.034481 (0.032693) eval_time 0.264053 (0.275509)
step=280000, val_mae=0.00109514, val_rmse=0.00353269, sqrt(train_loss)=0.00347332
data_timer 0.419096 (0.044031) transfer_timer 0.000511 (0.000374) train_timer 0.033369 (0.032715) eval_time 0.202786 (0.274233)
step=285000, val_mae=0.000953595, val_rmse=0.00344517, sqrt(train_loss)=0.00346488
data_timer 0.432086 (0.044110) transfer_timer 0.000541 (0.000374) train_timer 0.032397 (0.032736) eval_time 0.458555 (0.277411)
step=290000, val_mae=0.00119159, val_rmse=0.00356967, sqrt(train_loss)=0.00341337
data_timer 0.492861 (0.044165) transfer_timer 0.004785 (0.000374) train_timer 0.068617 (0.032743) eval_time 0.217095 (0.276389)
step=295000, val_mae=0.000958865, val_rmse=0.00347981, sqrt(train_loss)=0.00344579
data_timer 0.466223 (0.044227) transfer_timer 0.000511 (0.000375) train_timer 0.033426 (0.032755) eval_time 0.231833 (0.275646)
step=300000, val_mae=0.00092685, val_rmse=0.00331234, sqrt(train_loss)=0.00330426
data_timer 0.498535 (0.044284) transfer_timer 0.000482 (0.000375) train_timer 0.031049 (0.032770) eval_time 0.309431 (0.276200)
step=305000, val_mae=0.000930173, val_rmse=0.00340746, sqrt(train_loss)=0.00349565
data_timer 0.419095 (0.044344) transfer_timer 0.000515 (0.000375) train_timer 0.032203 (0.032786) eval_time 0.278292 (0.276234)
step=310000, val_mae=0.00130131, val_rmse=0.00372964, sqrt(train_loss)=0.00320879
data_timer 0.462018 (0.044402) transfer_timer 0.000478 (0.000375) train_timer 0.030959 (0.032802) eval_time 0.265257 (0.276059)
step=315000, val_mae=0.00123793, val_rmse=0.0046491, sqrt(train_loss)=0.00315515
data_timer 0.411842 (0.044458) transfer_timer 0.000534 (0.000376) train_timer 0.032965 (0.032818) eval_time 0.320278 (0.276750)
step=320000, val_mae=0.00111069, val_rmse=0.0038944, sqrt(train_loss)=0.00331687
data_timer 0.432645 (0.044513) transfer_timer 0.000557 (0.000376) train_timer 0.031392 (0.032832) eval_time 0.201105 (0.275587)
step=325000, val_mae=0.00137722, val_rmse=0.0040722, sqrt(train_loss)=0.0030977
data_timer 0.415447 (0.044571) transfer_timer 0.000499 (0.000376) train_timer 0.032485 (0.032847) eval_time 0.250739 (0.275210)
step=330000, val_mae=0.00101176, val_rmse=0.0036203, sqrt(train_loss)=0.00338688
data_timer 0.384509 (0.044628) transfer_timer 0.000566 (0.000377) train_timer 0.032680 (0.032860) eval_time 0.203234 (0.274136)
step=335000, val_mae=0.000946575, val_rmse=0.00324716, sqrt(train_loss)=0.00318772
data_timer 0.456501 (0.044676) transfer_timer 0.000682 (0.000377) train_timer 0.030811 (0.032874) eval_time 0.200415 (0.273052)
step=340000, val_mae=0.00117735, val_rmse=0.00399354, sqrt(train_loss)=0.00321067
data_timer 0.460238 (0.044726) transfer_timer 0.008443 (0.000377) train_timer 0.043586 (0.032885) eval_time 0.200356 (0.271998)
step=345000, val_mae=0.000990963, val_rmse=0.0037635, sqrt(train_loss)=0.00317653
data_timer 0.460828 (0.044783) transfer_timer 0.000503 (0.000378) train_timer 0.031057 (0.032901) eval_time 0.200640 (0.270979)
step=350000, val_mae=0.00102214, val_rmse=0.00386509, sqrt(train_loss)=0.0030413
data_timer 0.389406 (0.044837) transfer_timer 0.000537 (0.000378) train_timer 0.092735 (0.032914) eval_time 0.241403 (0.270562)
step=355000, val_mae=0.00115076, val_rmse=0.00328385, sqrt(train_loss)=0.00315157
data_timer 0.451859 (0.044892) transfer_timer 0.000487 (0.000378) train_timer 0.061939 (0.032928) eval_time 0.220593 (0.269868)
step=360000, val_mae=0.000941401, val_rmse=0.00336178, sqrt(train_loss)=0.00314961
data_timer 0.453392 (0.044942) transfer_timer 0.000728 (0.000379) train_timer 0.062951 (0.032945) eval_time 0.206748 (0.269003)
step=365000, val_mae=0.000958159, val_rmse=0.0033255, sqrt(train_loss)=0.00326828
data_timer 0.458067 (0.044998) transfer_timer 0.000477 (0.000379) train_timer 0.032374 (0.032960) eval_time 0.201375 (0.268090)
step=370000, val_mae=0.000882834, val_rmse=0.00317332, sqrt(train_loss)=0.00299151
data_timer 0.388421 (0.045051) transfer_timer 0.000516 (0.000379) train_timer 0.032019 (0.032977) eval_time 0.327644 (0.268884)
step=375000, val_mae=0.000927334, val_rmse=0.00308437, sqrt(train_loss)=0.00296493
data_timer 0.478641 (0.045091) transfer_timer 0.009095 (0.000379) train_timer 0.152067 (0.032984) eval_time 0.207153 (0.268071)
step=380000, val_mae=0.000954776, val_rmse=0.00344515, sqrt(train_loss)=0.00294576
data_timer 0.418734 (0.045134) transfer_timer 0.000494 (0.000379) train_timer 0.036635 (0.032988) eval_time 0.245642 (0.267780)
step=385000, val_mae=0.00121245, val_rmse=0.00343989, sqrt(train_loss)=0.00293959
data_timer 0.431044 (0.045173) transfer_timer 0.000480 (0.000380) train_timer 0.028406 (0.033006) eval_time 0.203558 (0.266957)
step=390000, val_mae=0.00197603, val_rmse=0.00449556, sqrt(train_loss)=0.00300047
data_timer 0.433592 (0.045206) transfer_timer 0.000558 (0.000380) train_timer 0.036079 (0.033014) eval_time 0.352671 (0.268042)
step=395000, val_mae=0.00109363, val_rmse=0.00359223, sqrt(train_loss)=0.00300926
data_timer 0.436022 (0.045251) transfer_timer 0.000481 (0.000380) train_timer 0.031545 (0.033029) eval_time 0.348300 (0.269045)
step=400000, val_mae=0.00086695, val_rmse=0.00316538, sqrt(train_loss)=0.00279797
data_timer 0.450658 (0.045291) transfer_timer 0.000491 (0.000381) train_timer 0.031356 (0.033042) eval_time 0.323605 (0.269719)
step=405000, val_mae=0.00102638, val_rmse=0.00380077, sqrt(train_loss)=0.00303563
data_timer 0.419228 (0.045332) transfer_timer 0.000496 (0.000381) train_timer 0.033516 (0.033049) eval_time 0.252185 (0.269505)
step=410000, val_mae=0.000867893, val_rmse=0.00295278, sqrt(train_loss)=0.00301664
data_timer 0.395090 (0.045374) transfer_timer 0.000833 (0.000381) train_timer 0.034419 (0.033057) eval_time 0.323086 (0.270150)
step=415000, val_mae=0.00090424, val_rmse=0.0032141, sqrt(train_loss)=0.00285737
data_timer 0.451846 (0.045417) transfer_timer 0.000482 (0.000381) train_timer 0.060981 (0.033064) eval_time 0.242469 (0.269821)
step=420000, val_mae=0.00113544, val_rmse=0.00367245, sqrt(train_loss)=0.00296677
data_timer 0.475565 (0.045463) transfer_timer 0.000645 (0.000381) train_timer 0.115400 (0.033079) eval_time 0.200610 (0.269006)
step=425000, val_mae=0.000845264, val_rmse=0.00277657, sqrt(train_loss)=0.00277374
data_timer 0.500849 (0.045502) transfer_timer 0.000476 (0.000381) train_timer 0.029149 (0.033091) eval_time 0.276035 (0.269088)
step=430000, val_mae=0.00151902, val_rmse=0.0036425, sqrt(train_loss)=0.0029588
data_timer 0.444275 (0.045540) transfer_timer 0.000664 (0.000382) train_timer 0.140182 (0.033098) eval_time 0.223556 (0.268565)
step=435000, val_mae=0.00131223, val_rmse=0.003688, sqrt(train_loss)=0.0028361
data_timer 0.488112 (0.045578) transfer_timer 0.001068 (0.000382) train_timer 0.054559 (0.033107) eval_time 0.200115 (0.267787)
step=440000, val_mae=0.000831696, val_rmse=0.00291867, sqrt(train_loss)=0.00290374
data_timer 0.415159 (0.045616) transfer_timer 0.000518 (0.000382) train_timer 0.062777 (0.033119) eval_time 0.300528 (0.268155)
step=445000, val_mae=0.000942579, val_rmse=0.00282897, sqrt(train_loss)=0.00271762
data_timer 0.468167 (0.045657) transfer_timer 0.000542 (0.000382) train_timer 0.031866 (0.033128) eval_time 0.240808 (0.267851)
step=450000, val_mae=0.000852809, val_rmse=0.00283271, sqrt(train_loss)=0.00268209
data_timer 0.452617 (0.045694) transfer_timer 0.000486 (0.000383) train_timer 0.036391 (0.033139) eval_time 0.200510 (0.267111)
step=455000, val_mae=0.000925583, val_rmse=0.00342854, sqrt(train_loss)=0.00265467
data_timer 0.460287 (0.045734) transfer_timer 0.000476 (0.000383) train_timer 0.031423 (0.033156) eval_time 0.201731 (0.266400)
step=460000, val_mae=0.000969558, val_rmse=0.00324539, sqrt(train_loss)=0.0027207
data_timer 0.476115 (0.045775) transfer_timer 0.001127 (0.000383) train_timer 0.058088 (0.033166) eval_time 0.199392 (0.265680)
step=465000, val_mae=0.000869275, val_rmse=0.00298328, sqrt(train_loss)=0.00271952
data_timer 0.465416 (0.045802) transfer_timer 0.000503 (0.000383) train_timer 0.028421 (0.033172) eval_time 0.229222 (0.265292)
step=470000, val_mae=0.00096967, val_rmse=0.0029928, sqrt(train_loss)=0.00272004
data_timer 0.444299 (0.045831) transfer_timer 0.000499 (0.000383) train_timer 0.031160 (0.033177) eval_time 0.203887 (0.264646)
step=475000, val_mae=0.000849773, val_rmse=0.00309534, sqrt(train_loss)=0.00289803
data_timer 0.470461 (0.045859) transfer_timer 0.000689 (0.000383) train_timer 0.046143 (0.033183) eval_time 0.219934 (0.264180)
step=480000, val_mae=0.000780554, val_rmse=0.00283563, sqrt(train_loss)=0.00284391
data_timer 0.514761 (0.045895) transfer_timer 0.000487 (0.000384) train_timer 0.027878 (0.033190) eval_time 0.276827 (0.264310)
step=485000, val_mae=0.0010884, val_rmse=0.00306638, sqrt(train_loss)=0.0024951
data_timer 0.439283 (0.045930) transfer_timer 0.000501 (0.000384) train_timer 0.031695 (0.033199) eval_time 0.292635 (0.264599)
step=490000, val_mae=0.000981492, val_rmse=0.00303161, sqrt(train_loss)=0.00260267
data_timer 0.403059 (0.045967) transfer_timer 0.000488 (0.000384) train_timer 0.033171 (0.033208) eval_time 0.248360 (0.264435)
step=495000, val_mae=0.00077833, val_rmse=0.0027587, sqrt(train_loss)=0.00289939
data_timer 0.471638 (0.045998) transfer_timer 0.001096 (0.000384) train_timer 0.051752 (0.033209) eval_time 0.282338 (0.264614)
step=500000, val_mae=0.00110645, val_rmse=0.00345797, sqrt(train_loss)=0.00265858
data_timer 0.437796 (0.046031) transfer_timer 0.000477 (0.000384) train_timer 0.031464 (0.033215) eval_time 0.200137 (0.263976)
step=505000, val_mae=0.00109185, val_rmse=0.00366671, sqrt(train_loss)=0.00253236
data_timer 0.418959 (0.046061) transfer_timer 0.000520 (0.000384) train_timer 0.029510 (0.033219) eval_time 0.224144 (0.263585)
step=510000, val_mae=0.000858499, val_rmse=0.00263329, sqrt(train_loss)=0.00251237
data_timer 0.497612 (0.046091) transfer_timer 0.000568 (0.000384) train_timer 0.032210 (0.033224) eval_time 0.231389 (0.263273)
step=515000, val_mae=0.000810614, val_rmse=0.00273005, sqrt(train_loss)=0.00255136
data_timer 0.463661 (0.046120) transfer_timer 0.001103 (0.000384) train_timer 0.043216 (0.033229) eval_time 0.243813 (0.263086)
step=520000, val_mae=0.000729837, val_rmse=0.00261579, sqrt(train_loss)=0.0026298
data_timer 0.433326 (0.046153) transfer_timer 0.000522 (0.000384) train_timer 0.033372 (0.033239) eval_time 0.307109 (0.263505)
step=525000, val_mae=0.0010699, val_rmse=0.00313292, sqrt(train_loss)=0.00248106
data_timer 0.428259 (0.046178) transfer_timer 0.007956 (0.000384) train_timer 0.072081 (0.033248) eval_time 0.203401 (0.262938)
step=530000, val_mae=0.000789984, val_rmse=0.00283565, sqrt(train_loss)=0.00250887
data_timer 0.426611 (0.046205) transfer_timer 0.000518 (0.000385) train_timer 0.031741 (0.033255) eval_time 0.266392 (0.262970)
step=535000, val_mae=0.000757743, val_rmse=0.00263379, sqrt(train_loss)=0.00264256
data_timer 0.506507 (0.046231) transfer_timer 0.000572 (0.000385) train_timer 0.040367 (0.033261) eval_time 0.217617 (0.262550)
step=540000, val_mae=0.000900335, val_rmse=0.00291599, sqrt(train_loss)=0.00249203
data_timer 0.434672 (0.046260) transfer_timer 0.000531 (0.000385) train_timer 0.032539 (0.033263) eval_time 0.238749 (0.262332)
step=545000, val_mae=0.00101106, val_rmse=0.00301388, sqrt(train_loss)=0.00258461
data_timer 0.465248 (0.046289) transfer_timer 0.000461 (0.000385) train_timer 0.030411 (0.033271) eval_time 0.202410 (0.261787)
step=550000, val_mae=0.00078546, val_rmse=0.00289497, sqrt(train_loss)=0.0025002
data_timer 0.454844 (0.046316) transfer_timer 0.000510 (0.000385) train_timer 0.070142 (0.033275) eval_time 0.299451 (0.262127)
step=555000, val_mae=0.000896917, val_rmse=0.00273244, sqrt(train_loss)=0.00246376
data_timer 0.479978 (0.046343) transfer_timer 0.000489 (0.000385) train_timer 0.031931 (0.033285) eval_time 0.216682 (0.261721)
step=560000, val_mae=0.000890906, val_rmse=0.00273426, sqrt(train_loss)=0.00250467
data_timer 0.438830 (0.046373) transfer_timer 0.000504 (0.000385) train_timer 0.031988 (0.033292) eval_time 0.224321 (0.261390)
step=565000, val_mae=0.000943652, val_rmse=0.00274952, sqrt(train_loss)=0.00243319
data_timer 0.462878 (0.046402) transfer_timer 0.000533 (0.000385) train_timer 0.029117 (0.033303) eval_time 0.201032 (0.260860)
step=570000, val_mae=0.000957185, val_rmse=0.00305834, sqrt(train_loss)=0.00252564
data_timer 0.468800 (0.046427) transfer_timer 0.000518 (0.000386) train_timer 0.072129 (0.033312) eval_time 0.214680 (0.260459)
step=575000, val_mae=0.000815953, val_rmse=0.00285208, sqrt(train_loss)=0.00247683
data_timer 0.487857 (0.046450) transfer_timer 0.000473 (0.000386) train_timer 0.032244 (0.033320) eval_time 0.223094 (0.260137)
step=580000, val_mae=0.000762055, val_rmse=0.00270525, sqrt(train_loss)=0.00244921
data_timer 0.433474 (0.046476) transfer_timer 0.000509 (0.000386) train_timer 0.108646 (0.033330) eval_time 0.265852 (0.260185)
step=585000, val_mae=0.000791094, val_rmse=0.00251255, sqrt(train_loss)=0.0025368
data_timer 0.428050 (0.046499) transfer_timer 0.000482 (0.000386) train_timer 0.032664 (0.033336) eval_time 0.234467 (0.259968)
step=590000, val_mae=0.00091136, val_rmse=0.00274503, sqrt(train_loss)=0.0023899
data_timer 0.450081 (0.046518) transfer_timer 0.000502 (0.000386) train_timer 0.031070 (0.033338) eval_time 0.215600 (0.259595)
step=595000, val_mae=0.00081435, val_rmse=0.00266259, sqrt(train_loss)=0.00237201
data_timer 0.461422 (0.046535) transfer_timer 0.000649 (0.000386) train_timer 0.031408 (0.033339) eval_time 0.349818 (0.260347)
step=600000, val_mae=0.000828681, val_rmse=0.00280121, sqrt(train_loss)=0.00241262
data_timer 0.491675 (0.046555) transfer_timer 0.000490 (0.000386) train_timer 0.030133 (0.033340) eval_time 0.223791 (0.260044)
step=605000, val_mae=0.000746647, val_rmse=0.00264689, sqrt(train_loss)=0.00257804
data_timer 0.423768 (0.046576) transfer_timer 0.000562 (0.000386) train_timer 0.028520 (0.033343) eval_time 0.207742 (0.259616)
step=610000, val_mae=0.0007293, val_rmse=0.00251133, sqrt(train_loss)=0.00233193
data_timer 0.466173 (0.046599) transfer_timer 0.000499 (0.000386) train_timer 0.031373 (0.033348) eval_time 0.348301 (0.260337)
step=615000, val_mae=0.000850501, val_rmse=0.00264084, sqrt(train_loss)=0.00232128
data_timer 0.482536 (0.046623) transfer_timer 0.000468 (0.000386) train_timer 0.028385 (0.033353) eval_time 0.201735 (0.259864)
step=620000, val_mae=0.000910183, val_rmse=0.00283183, sqrt(train_loss)=0.00240912
data_timer 0.469153 (0.046644) transfer_timer 0.000495 (0.000386) train_timer 0.031767 (0.033361) eval_time 0.272277 (0.259963)
step=625000, val_mae=0.000723785, val_rmse=0.0025496, sqrt(train_loss)=0.00235641
data_timer 0.502994 (0.046667) transfer_timer 0.001181 (0.000386) train_timer 0.150601 (0.033367) eval_time 0.284486 (0.260158)
step=630000, val_mae=0.000791644, val_rmse=0.00263786, sqrt(train_loss)=0.0024295
data_timer 0.497603 (0.046690) transfer_timer 0.000504 (0.000387) train_timer 0.030900 (0.033379) eval_time 0.293709 (0.260422)
step=635000, val_mae=0.000716289, val_rmse=0.00262141, sqrt(train_loss)=0.00238231
data_timer 0.455049 (0.046707) transfer_timer 0.000515 (0.000387) train_timer 0.031892 (0.033383) eval_time 0.283152 (0.260600)
step=640000, val_mae=0.000851752, val_rmse=0.00265992, sqrt(train_loss)=0.00240451
data_timer 0.444632 (0.046726) transfer_timer 0.000489 (0.000387) train_timer 0.035152 (0.033390) eval_time 0.283174 (0.260775)
step=645000, val_mae=0.000727927, val_rmse=0.00255512, sqrt(train_loss)=0.00228175
data_timer 0.429163 (0.046746) transfer_timer 0.000517 (0.000387) train_timer 0.035843 (0.033395) eval_time 0.241824 (0.260629)
step=650000, val_mae=0.000818085, val_rmse=0.00301742, sqrt(train_loss)=0.00244833
data_timer 0.436052 (0.046766) transfer_timer 0.000515 (0.000387) train_timer 0.030736 (0.033401) eval_time 0.244413 (0.260505)
step=655000, val_mae=0.00117366, val_rmse=0.00389947, sqrt(train_loss)=0.00226953
data_timer 0.494342 (0.046787) transfer_timer 0.000511 (0.000387) train_timer 0.031180 (0.033411) eval_time 0.255125 (0.260465)
step=660000, val_mae=0.000684197, val_rmse=0.00241553, sqrt(train_loss)=0.00227744
data_timer 0.451642 (0.046811) transfer_timer 0.000491 (0.000387) train_timer 0.030882 (0.033420) eval_time 0.359296 (0.261208)
step=665000, val_mae=0.000864715, val_rmse=0.00277202, sqrt(train_loss)=0.00234667
data_timer 0.443103 (0.046833) transfer_timer 0.000618 (0.000387) train_timer 0.064905 (0.033427) eval_time 0.310404 (0.261575)
step=670000, val_mae=0.000967673, val_rmse=0.00288605, sqrt(train_loss)=0.00228213
data_timer 0.504327 (0.046859) transfer_timer 0.000595 (0.000387) train_timer 0.032203 (0.033436) eval_time 0.263686 (0.261590)
step=675000, val_mae=0.000691963, val_rmse=0.00253801, sqrt(train_loss)=0.00233851
data_timer 0.481781 (0.046885) transfer_timer 0.000575 (0.000388) train_timer 0.099077 (0.033446) eval_time 0.237777 (0.261415)
step=680000, val_mae=0.00102113, val_rmse=0.00267731, sqrt(train_loss)=0.00221631
data_timer 0.451810 (0.046911) transfer_timer 0.000518 (0.000388) train_timer 0.130928 (0.033452) eval_time 0.247296 (0.261312)
step=685000, val_mae=0.000769387, val_rmse=0.00247431, sqrt(train_loss)=0.00230182
data_timer 0.464097 (0.046937) transfer_timer 0.000454 (0.000388) train_timer 0.064128 (0.033457) eval_time 0.247085 (0.261209)
step=690000, val_mae=0.00069006, val_rmse=0.00232499, sqrt(train_loss)=0.00238961
data_timer 0.424470 (0.046962) transfer_timer 0.000680 (0.000388) train_timer 0.029977 (0.033462) eval_time 0.280096 (0.261345)
step=695000, val_mae=0.000877025, val_rmse=0.00297103, sqrt(train_loss)=0.00227773
data_timer 0.466616 (0.046986) transfer_timer 0.000522 (0.000389) train_timer 0.030060 (0.033466) eval_time 0.201413 (0.260917)
step=700000, val_mae=0.000756535, val_rmse=0.00238673, sqrt(train_loss)=0.00239894
data_timer 0.453293 (0.047010) transfer_timer 0.000720 (0.000389) train_timer 0.032043 (0.033471) eval_time 0.274991 (0.261017)
step=705000, val_mae=0.000750995, val_rmse=0.00244753, sqrt(train_loss)=0.00227697
data_timer 0.524015 (0.047039) transfer_timer 0.000596 (0.000389) train_timer 0.071941 (0.033477) eval_time 0.254981 (0.260974)
step=710000, val_mae=0.000729829, val_rmse=0.00252568, sqrt(train_loss)=0.00220958
data_timer 0.480276 (0.047062) transfer_timer 0.000483 (0.000389) train_timer 0.030819 (0.033480) eval_time 0.199468 (0.260544)
step=715000, val_mae=0.000712082, val_rmse=0.00234073, sqrt(train_loss)=0.00231475
data_timer 0.460885 (0.047083) transfer_timer 0.000534 (0.000389) train_timer 0.148968 (0.033482) eval_time 0.230705 (0.260337)
step=720000, val_mae=0.00101451, val_rmse=0.00322062, sqrt(train_loss)=0.00216461
data_timer 0.424897 (0.047106) transfer_timer 0.000500 (0.000389) train_timer 0.035748 (0.033484) eval_time 0.332058 (0.260832)
step=725000, val_mae=0.000792503, val_rmse=0.00230555, sqrt(train_loss)=0.00218486
data_timer 0.430660 (0.047122) transfer_timer 0.000558 (0.000389) train_timer 0.030964 (0.033486) eval_time 0.251326 (0.260766)
step=730000, val_mae=0.00124884, val_rmse=0.00384767, sqrt(train_loss)=0.00222727
data_timer 0.493007 (0.047140) transfer_timer 0.000476 (0.000389) train_timer 0.031472 (0.033489) eval_time 0.223200 (0.260511)
step=735000, val_mae=0.00131183, val_rmse=0.00313892, sqrt(train_loss)=0.0021285
data_timer 0.475904 (0.047156) transfer_timer 0.000479 (0.000389) train_timer 0.030816 (0.033489) eval_time 0.238307 (0.260361)
step=740000, val_mae=0.000665061, val_rmse=0.00226943, sqrt(train_loss)=0.0021876
data_timer 0.464815 (0.047175) transfer_timer 0.000716 (0.000389) train_timer 0.030090 (0.033490) eval_time 0.274404 (0.260455)
step=745000, val_mae=0.000691475, val_rmse=0.00249618, sqrt(train_loss)=0.00217424
data_timer 0.495160 (0.047199) transfer_timer 0.000515 (0.000389) train_timer 0.040474 (0.033494) eval_time 0.290574 (0.260656)
step=750000, val_mae=0.000781134, val_rmse=0.0023927, sqrt(train_loss)=0.00218864
data_timer 0.422213 (0.047220) transfer_timer 0.001182 (0.000389) train_timer 0.094687 (0.033496) eval_time 0.288760 (0.260842)
step=755000, val_mae=0.00075295, val_rmse=0.00227409, sqrt(train_loss)=0.00217016
data_timer 0.463062 (0.047239) transfer_timer 0.000545 (0.000389) train_timer 0.032636 (0.033499) eval_time 0.281540 (0.260978)
step=760000, val_mae=0.000668777, val_rmse=0.0023357, sqrt(train_loss)=0.00218899
data_timer 0.441733 (0.047256) transfer_timer 0.000521 (0.000389) train_timer 0.031503 (0.033499) eval_time 0.233234 (0.260797)
step=765000, val_mae=0.000684499, val_rmse=0.00240671, sqrt(train_loss)=0.00219346
data_timer 0.504543 (0.047273) transfer_timer 0.009166 (0.000389) train_timer 0.085187 (0.033502) eval_time 0.212387 (0.260482)
step=770000, val_mae=0.000653362, val_rmse=0.00230574, sqrt(train_loss)=0.00218383
data_timer 0.483887 (0.047291) transfer_timer 0.001114 (0.000389) train_timer 0.036563 (0.033502) eval_time 0.281231 (0.260616)
step=775000, val_mae=0.000822261, val_rmse=0.00263, sqrt(train_loss)=0.00222731
data_timer 0.483642 (0.047307) transfer_timer 0.000671 (0.000389) train_timer 0.030746 (0.033505) eval_time 0.321071 (0.261004)
step=780000, val_mae=0.00074408, val_rmse=0.00232972, sqrt(train_loss)=0.00220361
data_timer 0.431376 (0.047324) transfer_timer 0.000515 (0.000389) train_timer 0.031742 (0.033507) eval_time 0.285711 (0.261161)
step=785000, val_mae=0.00071749, val_rmse=0.00220319, sqrt(train_loss)=0.00218955
data_timer 0.417495 (0.047340) transfer_timer 0.000569 (0.000389) train_timer 0.086559 (0.033509) eval_time 0.200469 (0.260777)
step=790000, val_mae=0.000966629, val_rmse=0.00251214, sqrt(train_loss)=0.00205432
data_timer 0.490727 (0.047357) transfer_timer 0.008690 (0.000390) train_timer 0.111230 (0.033512) eval_time 0.216297 (0.260497)
step=795000, val_mae=0.000682823, val_rmse=0.00222013, sqrt(train_loss)=0.00218279
data_timer 0.450354 (0.047372) transfer_timer 0.000572 (0.000390) train_timer 0.030822 (0.033513) eval_time 0.271148 (0.260564)
step=800000, val_mae=0.00186064, val_rmse=0.00392653, sqrt(train_loss)=0.0020874
data_timer 0.451422 (0.047391) transfer_timer 0.000512 (0.000390) train_timer 0.032503 (0.033516) eval_time 0.235950 (0.260411)
step=805000, val_mae=0.000754888, val_rmse=0.00229386, sqrt(train_loss)=0.00212151
data_timer 0.459707 (0.047405) transfer_timer 0.000530 (0.000390) train_timer 0.029866 (0.033519) eval_time 0.224855 (0.260192)
step=810000, val_mae=0.000759833, val_rmse=0.00258378, sqrt(train_loss)=0.00201878
data_timer 0.416358 (0.047422) transfer_timer 0.000525 (0.000390) train_timer 0.030530 (0.033523) eval_time 0.330217 (0.260621)
step=815000, val_mae=0.000696925, val_rmse=0.00232416, sqrt(train_loss)=0.00211146
data_timer 0.468262 (0.047434) transfer_timer 0.000486 (0.000390) train_timer 0.031737 (0.033521) eval_time 0.262353 (0.260632)
step=820000, val_mae=0.000833687, val_rmse=0.00248462, sqrt(train_loss)=0.00211145
data_timer 0.455986 (0.047448) transfer_timer 0.001014 (0.000390) train_timer 0.045533 (0.033523) eval_time 0.203321 (0.260284)
step=825000, val_mae=0.000618054, val_rmse=0.00220525, sqrt(train_loss)=0.00223871
data_timer 0.451414 (0.047466) transfer_timer 0.000587 (0.000390) train_timer 0.031954 (0.033528) eval_time 0.395743 (0.261100)
step=830000, val_mae=0.000632387, val_rmse=0.00221099, sqrt(train_loss)=0.00196432
data_timer 0.484655 (0.047485) transfer_timer 0.000487 (0.000390) train_timer 0.032181 (0.033529) eval_time 0.302723 (0.261350)
step=835000, val_mae=0.000665596, val_rmse=0.00216007, sqrt(train_loss)=0.00205052
data_timer 0.494404 (0.047499) transfer_timer 0.000473 (0.000390) train_timer 0.030817 (0.033532) eval_time 0.199466 (0.260981)
step=840000, val_mae=0.000607457, val_rmse=0.00210502, sqrt(train_loss)=0.00213259
data_timer 0.436112 (0.047511) transfer_timer 0.000520 (0.000390) train_timer 0.031317 (0.033532) eval_time 0.311367 (0.261279)
step=845000, val_mae=0.000679495, val_rmse=0.00223777, sqrt(train_loss)=0.00214109
data_timer 0.480266 (0.047526) transfer_timer 0.000516 (0.000390) train_timer 0.032261 (0.033533) eval_time 0.247540 (0.261199)
step=850000, val_mae=0.00120831, val_rmse=0.00378538, sqrt(train_loss)=0.00207229
data_timer 0.468731 (0.047536) transfer_timer 0.000524 (0.000390) train_timer 0.045160 (0.033533) eval_time 0.226320 (0.260995)
step=855000, val_mae=0.000708363, val_rmse=0.0024446, sqrt(train_loss)=0.0020825
data_timer 0.449260 (0.047550) transfer_timer 0.000503 (0.000390) train_timer 0.031511 (0.033534) eval_time 0.275056 (0.261076)
step=860000, val_mae=0.000666852, val_rmse=0.00220534, sqrt(train_loss)=0.00206601
data_timer 0.482510 (0.047563) transfer_timer 0.000530 (0.000390) train_timer 0.067937 (0.033536) eval_time 0.226826 (0.260878)
step=865000, val_mae=0.000611435, val_rmse=0.00208989, sqrt(train_loss)=0.00209852
data_timer 0.434355 (0.047577) transfer_timer 0.000779 (0.000390) train_timer 0.110841 (0.033541) eval_time 0.200124 (0.260529)
step=870000, val_mae=0.000686456, val_rmse=0.00241297, sqrt(train_loss)=0.00201067
data_timer 0.443318 (0.047589) transfer_timer 0.000524 (0.000390) train_timer 0.032398 (0.033542) eval_time 0.338537 (0.260975)
step=875000, val_mae=0.00066679, val_rmse=0.0021638, sqrt(train_loss)=0.00201531
data_timer 0.498708 (0.047599) transfer_timer 0.000537 (0.000390) train_timer 0.030979 (0.033541) eval_time 0.366079 (0.261572)
step=880000, val_mae=0.000697153, val_rmse=0.00226346, sqrt(train_loss)=0.00201522
data_timer 0.515358 (0.047608) transfer_timer 0.000535 (0.000390) train_timer 0.030966 (0.033543) eval_time 0.202255 (0.261237)
step=885000, val_mae=0.00066418, val_rmse=0.00220722, sqrt(train_loss)=0.00202711
data_timer 0.435000 (0.047620) transfer_timer 0.000537 (0.000390) train_timer 0.053637 (0.033544) eval_time 0.228490 (0.261053)
step=890000, val_mae=0.000685228, val_rmse=0.00255675, sqrt(train_loss)=0.00202125
data_timer 0.481882 (0.047632) transfer_timer 0.000503 (0.000391) train_timer 0.031039 (0.033546) eval_time 0.280326 (0.261161)
step=895000, val_mae=0.000751992, val_rmse=0.00242083, sqrt(train_loss)=0.00205084
data_timer 0.414541 (0.047644) transfer_timer 0.000500 (0.000390) train_timer 0.032309 (0.033547) eval_time 0.365746 (0.261742)
step=900000, val_mae=0.000714778, val_rmse=0.00234996, sqrt(train_loss)=0.002062
data_timer 0.404840 (0.047656) transfer_timer 0.000467 (0.000391) train_timer 0.079969 (0.033548) eval_time 0.222939 (0.261527)
step=905000, val_mae=0.000689695, val_rmse=0.00244301, sqrt(train_loss)=0.00206333
data_timer 0.503973 (0.047669) transfer_timer 0.000531 (0.000391) train_timer 0.045108 (0.033550) eval_time 0.199656 (0.261187)
step=910000, val_mae=0.000659359, val_rmse=0.00224213, sqrt(train_loss)=0.0019454
data_timer 0.509811 (0.047684) transfer_timer 0.009439 (0.000391) train_timer 0.143817 (0.033553) eval_time 0.200446 (0.260856)
step=915000, val_mae=0.000965146, val_rmse=0.00298392, sqrt(train_loss)=0.00201703
data_timer 0.478186 (0.047695) transfer_timer 0.000451 (0.000391) train_timer 0.030497 (0.033556) eval_time 0.275460 (0.260935)
step=920000, val_mae=0.000705733, val_rmse=0.00212166, sqrt(train_loss)=0.00211984
data_timer 0.415449 (0.047710) transfer_timer 0.000542 (0.000391) train_timer 0.032615 (0.033556) eval_time 0.202013 (0.260616)
step=925000, val_mae=0.000593305, val_rmse=0.00203687, sqrt(train_loss)=0.00204129
data_timer 0.442605 (0.047723) transfer_timer 0.000532 (0.000391) train_timer 0.033227 (0.033558) eval_time 0.346530 (0.261078)
step=930000, val_mae=0.000843665, val_rmse=0.00223316, sqrt(train_loss)=0.00202988
data_timer 0.471616 (0.047739) transfer_timer 0.000501 (0.000391) train_timer 0.041402 (0.033557) eval_time 0.206588 (0.260787)
step=935000, val_mae=0.000641908, val_rmse=0.00214455, sqrt(train_loss)=0.00210618
data_timer 0.463931 (0.047753) transfer_timer 0.000515 (0.000391) train_timer 0.029899 (0.033559) eval_time 0.275827 (0.260867)
step=940000, val_mae=0.00066128, val_rmse=0.00227262, sqrt(train_loss)=0.00203836
data_timer 0.486784 (0.047766) transfer_timer 0.000576 (0.000391) train_timer 0.063521 (0.033561) eval_time 0.238590 (0.260749)
step=945000, val_mae=0.000670132, val_rmse=0.00223571, sqrt(train_loss)=0.00205795
data_timer 0.448262 (0.047776) transfer_timer 0.000551 (0.000391) train_timer 0.052302 (0.033559) eval_time 0.286584 (0.260885)
step=950000, val_mae=0.000638159, val_rmse=0.00204875, sqrt(train_loss)=0.00192725
data_timer 0.458729 (0.047784) transfer_timer 0.000597 (0.000391) train_timer 0.063964 (0.033559) eval_time 0.231031 (0.260729)
step=955000, val_mae=0.00065412, val_rmse=0.00216344, sqrt(train_loss)=0.00194264
data_timer 0.483970 (0.047795) transfer_timer 0.000538 (0.000391) train_timer 0.030579 (0.033559) eval_time 0.360799 (0.261250)
step=960000, val_mae=0.000596464, val_rmse=0.00209138, sqrt(train_loss)=0.00204225
data_timer 0.421783 (0.047805) transfer_timer 0.000473 (0.000391) train_timer 0.029669 (0.033560) eval_time 0.284855 (0.261372)
step=965000, val_mae=0.000668737, val_rmse=0.00234122, sqrt(train_loss)=0.00189389
data_timer 0.460157 (0.047815) transfer_timer 0.000470 (0.000391) train_timer 0.032197 (0.033560) eval_time 0.302042 (0.261582)
step=970000, val_mae=0.000638246, val_rmse=0.0020834, sqrt(train_loss)=0.00209616
data_timer 0.486284 (0.047826) transfer_timer 0.000575 (0.000391) train_timer 0.049452 (0.033561) eval_time 0.230495 (0.261422)
step=975000, val_mae=0.000603849, val_rmse=0.00208653, sqrt(train_loss)=0.00187611
data_timer 0.464111 (0.047838) transfer_timer 0.000498 (0.000391) train_timer 0.030437 (0.033560) eval_time 0.364566 (0.261949)
step=980000, val_mae=0.000809904, val_rmse=0.00218617, sqrt(train_loss)=0.00190067
data_timer 0.444454 (0.047848) transfer_timer 0.000505 (0.000391) train_timer 0.032336 (0.033562) eval_time 0.258235 (0.261930)
step=985000, val_mae=0.000657542, val_rmse=0.00231471, sqrt(train_loss)=0.00194696
data_timer 0.463276 (0.047858) transfer_timer 0.000551 (0.000391) train_timer 0.051237 (0.033561) eval_time 0.369063 (0.262471)
step=990000, val_mae=0.000601589, val_rmse=0.00211844, sqrt(train_loss)=0.00192665
data_timer 0.432156 (0.047865) transfer_timer 0.000550 (0.000391) train_timer 0.030594 (0.033560) eval_time 0.264113 (0.262479)
step=995000, val_mae=0.000688773, val_rmse=0.00240986, sqrt(train_loss)=0.00198417
data_timer 0.491699 (0.047874) transfer_timer 0.000457 (0.000391) train_timer 0.027747 (0.033560) eval_time 0.200898 (0.262171)
step=1000000, val_mae=0.000626419, val_rmse=0.00236415, sqrt(train_loss)=0.00183943
data_timer 0.507553 (0.047884) transfer_timer 0.000506 (0.000391) train_timer 0.030997 (0.033562) eval_time 0.204754 (0.261886)
step=1005000, val_mae=0.000799317, val_rmse=0.00226196, sqrt(train_loss)=0.00195669
data_timer 0.429566 (0.047894) transfer_timer 0.000478 (0.000391) train_timer 0.031354 (0.033562) eval_time 0.270800 (0.261930)
step=1010000, val_mae=0.000632524, val_rmse=0.00217968, sqrt(train_loss)=0.00195618
data_timer 0.429683 (0.047908) transfer_timer 0.000578 (0.000391) train_timer 0.031113 (0.033563) eval_time 0.268255 (0.261961)
step=1015000, val_mae=0.000788092, val_rmse=0.00234402, sqrt(train_loss)=0.00191596
data_timer 0.434812 (0.047922) transfer_timer 0.000547 (0.000391) train_timer 0.031567 (0.033563) eval_time 0.229300 (0.261801)
step=1020000, val_mae=0.000563947, val_rmse=0.00204102, sqrt(train_loss)=0.00200051
data_timer 0.459189 (0.047932) transfer_timer 0.000484 (0.000391) train_timer 0.031908 (0.033563) eval_time 0.341719 (0.262191)
step=1025000, val_mae=0.000693609, val_rmse=0.00248673, sqrt(train_loss)=0.00191959
data_timer 0.428884 (0.047942) transfer_timer 0.000524 (0.000391) train_timer 0.029672 (0.033566) eval_time 0.263529 (0.262197)
step=1030000, val_mae=0.000648556, val_rmse=0.00227896, sqrt(train_loss)=0.00188774
data_timer 0.464272 (0.047950) transfer_timer 0.000475 (0.000391) train_timer 0.029557 (0.033567) eval_time 0.270603 (0.262238)
step=1035000, val_mae=0.000617068, val_rmse=0.0022143, sqrt(train_loss)=0.00187757
data_timer 0.485390 (0.047959) transfer_timer 0.000469 (0.000391) train_timer 0.029658 (0.033568) eval_time 0.204020 (0.261958)
step=1040000, val_mae=0.000559264, val_rmse=0.001982, sqrt(train_loss)=0.00197487
data_timer 0.410549 (0.047964) transfer_timer 0.000472 (0.000391) train_timer 0.030245 (0.033569) eval_time 0.278549 (0.262037)
step=1045000, val_mae=0.00060467, val_rmse=0.00202178, sqrt(train_loss)=0.00186205
data_timer 0.454168 (0.047971) transfer_timer 0.000834 (0.000391) train_timer 0.118278 (0.033569) eval_time 0.199896 (0.261741)
step=1050000, val_mae=0.000619474, val_rmse=0.00229714, sqrt(train_loss)=0.00191179
data_timer 0.482118 (0.047978) transfer_timer 0.000529 (0.000391) train_timer 0.031532 (0.033570) eval_time 0.334948 (0.262088)
step=1055000, val_mae=0.000717962, val_rmse=0.00267314, sqrt(train_loss)=0.00182743
data_timer 0.443397 (0.047986) transfer_timer 0.000529 (0.000391) train_timer 0.031796 (0.033569) eval_time 0.223423 (0.261906)
step=1060000, val_mae=0.000617661, val_rmse=0.00209446, sqrt(train_loss)=0.00191428
data_timer 0.444375 (0.047993) transfer_timer 0.001039 (0.000391) train_timer 0.089515 (0.033568) eval_time 0.210814 (0.261666)
step=1065000, val_mae=0.000570907, val_rmse=0.00201646, sqrt(train_loss)=0.00191307
data_timer 0.524585 (0.047999) transfer_timer 0.007913 (0.000391) train_timer 0.065725 (0.033569) eval_time 0.218324 (0.261464)
step=1070000, val_mae=0.000683098, val_rmse=0.00224409, sqrt(train_loss)=0.00189464
data_timer 0.486961 (0.048007) transfer_timer 0.009044 (0.000391) train_timer 0.037030 (0.033569) eval_time 0.204433 (0.261198)
step=1075000, val_mae=0.000847352, val_rmse=0.0022787, sqrt(train_loss)=0.00186511
data_timer 0.525309 (0.048017) transfer_timer 0.001431 (0.000391) train_timer 0.053436 (0.033570) eval_time 0.221796 (0.261016)
step=1080000, val_mae=0.000790179, val_rmse=0.00209543, sqrt(train_loss)=0.00191592
data_timer 0.500794 (0.048026) transfer_timer 0.000483 (0.000391) train_timer 0.030854 (0.033573) eval_time 0.245404 (0.260944)
step=1085000, val_mae=0.000710818, val_rmse=0.00215203, sqrt(train_loss)=0.00182672
data_timer 0.409298 (0.048034) transfer_timer 0.000527 (0.000391) train_timer 0.030371 (0.033574) eval_time 0.266845 (0.260971)
step=1090000, val_mae=0.00070536, val_rmse=0.00221212, sqrt(train_loss)=0.00183258
data_timer 0.458254 (0.048042) transfer_timer 0.000526 (0.000391) train_timer 0.032315 (0.033577) eval_time 0.223132 (0.260798)
step=1095000, val_mae=0.000560272, val_rmse=0.00202426, sqrt(train_loss)=0.00186802
data_timer 0.408479 (0.048052) transfer_timer 0.000571 (0.000391) train_timer 0.031426 (0.033578) eval_time 0.322768 (0.261080)
step=1100000, val_mae=0.000751547, val_rmse=0.00245288, sqrt(train_loss)=0.0018228
data_timer 0.442023 (0.048064) transfer_timer 0.000521 (0.000391) train_timer 0.048030 (0.033582) eval_time 0.280625 (0.261168)
step=1105000, val_mae=0.000685933, val_rmse=0.00236917, sqrt(train_loss)=0.00183099
data_timer 0.502990 (0.048076) transfer_timer 0.000526 (0.000391) train_timer 0.031007 (0.033584) eval_time 0.213473 (0.260953)
step=1110000, val_mae=0.000576027, val_rmse=0.00199467, sqrt(train_loss)=0.00183268
data_timer 0.519743 (0.048089) transfer_timer 0.001186 (0.000391) train_timer 0.082381 (0.033585) eval_time 0.220184 (0.260771)
step=1115000, val_mae=0.00061952, val_rmse=0.00220803, sqrt(train_loss)=0.0019413
data_timer 0.531426 (0.048102) transfer_timer 0.001014 (0.000391) train_timer 0.049712 (0.033587) eval_time 0.200128 (0.260500)
step=1120000, val_mae=0.000619512, val_rmse=0.00218665, sqrt(train_loss)=0.00172652
data_timer 0.472246 (0.048115) transfer_timer 0.000519 (0.000392) train_timer 0.057975 (0.033589) eval_time 0.293467 (0.260646)
step=1125000, val_mae=0.000680292, val_rmse=0.00223445, sqrt(train_loss)=0.00172801
data_timer 0.509067 (0.048127) transfer_timer 0.000470 (0.000392) train_timer 0.034555 (0.033593) eval_time 0.236629 (0.260540)
step=1130000, val_mae=0.000689817, val_rmse=0.00228505, sqrt(train_loss)=0.00181528
data_timer 0.457811 (0.048136) transfer_timer 0.000543 (0.000392) train_timer 0.033536 (0.033594) eval_time 0.206890 (0.260304)
step=1135000, val_mae=0.000749209, val_rmse=0.00214926, sqrt(train_loss)=0.00180708
data_timer 0.492801 (0.048147) transfer_timer 0.001217 (0.000392) train_timer 0.046226 (0.033595) eval_time 0.216055 (0.260110)
step=1140000, val_mae=0.000566065, val_rmse=0.00201287, sqrt(train_loss)=0.00175918
data_timer 0.432963 (0.048157) transfer_timer 0.000558 (0.000392) train_timer 0.031719 (0.033596) eval_time 0.258600 (0.260103)
step=1145000, val_mae=0.000682196, val_rmse=0.00207447, sqrt(train_loss)=0.00172963
data_timer 0.478564 (0.048170) transfer_timer 0.000504 (0.000392) train_timer 0.030051 (0.033600) eval_time 0.200134 (0.259842)
step=1150000, val_mae=0.000604824, val_rmse=0.00199326, sqrt(train_loss)=0.00176642
data_timer 0.448373 (0.048181) transfer_timer 0.000546 (0.000392) train_timer 0.058639 (0.033600) eval_time 0.200036 (0.259584)
step=1155000, val_mae=0.000573867, val_rmse=0.00192545, sqrt(train_loss)=0.00181001
data_timer 0.424786 (0.048188) transfer_timer 0.000464 (0.000392) train_timer 0.031088 (0.033601) eval_time 0.292884 (0.259727)
step=1160000, val_mae=0.00112165, val_rmse=0.00311935, sqrt(train_loss)=0.00185618
data_timer 0.435886 (0.048188) transfer_timer 0.000512 (0.000392) train_timer 0.028331 (0.033599) eval_time 0.283308 (0.259828)
step=1165000, val_mae=0.00062016, val_rmse=0.00210544, sqrt(train_loss)=0.00177263
data_timer 0.453478 (0.048193) transfer_timer 0.000520 (0.000392) train_timer 0.043485 (0.033597) eval_time 0.208556 (0.259609)
step=1170000, val_mae=0.000580599, val_rmse=0.00193078, sqrt(train_loss)=0.00182113
data_timer 0.474759 (0.048195) transfer_timer 0.001258 (0.000392) train_timer 0.054662 (0.033597) eval_time 0.202478 (0.259366)
step=1175000, val_mae=0.000594945, val_rmse=0.0020315, sqrt(train_loss)=0.00185477
data_timer 0.423558 (0.048203) transfer_timer 0.000539 (0.000392) train_timer 0.092964 (0.033598) eval_time 0.268136 (0.259403)
step=1180000, val_mae=0.000604997, val_rmse=0.00211929, sqrt(train_loss)=0.00175653
data_timer 0.460042 (0.048215) transfer_timer 0.000554 (0.000392) train_timer 0.063002 (0.033602) eval_time 0.269198 (0.259445)
step=1185000, val_mae=0.000601516, val_rmse=0.00198368, sqrt(train_loss)=0.00174601
data_timer 0.481699 (0.048227) transfer_timer 0.001009 (0.000392) train_timer 0.135230 (0.033604) eval_time 0.202684 (0.259206)
step=1190000, val_mae=0.000602014, val_rmse=0.00203495, sqrt(train_loss)=0.00182892
data_timer 0.447289 (0.048238) transfer_timer 0.000565 (0.000392) train_timer 0.061632 (0.033607) eval_time 0.338554 (0.259538)
step=1195000, val_mae=0.000577424, val_rmse=0.00195501, sqrt(train_loss)=0.00189135
data_timer 0.477922 (0.048250) transfer_timer 0.000476 (0.000392) train_timer 0.030559 (0.033611) eval_time 0.329655 (0.259830)
step=1200000, val_mae=0.000552093, val_rmse=0.00194482, sqrt(train_loss)=0.00179738
data_timer 0.440999 (0.048257) transfer_timer 0.000535 (0.000392) train_timer 0.031661 (0.033613) eval_time 0.333343 (0.260135)
step=1205000, val_mae=0.000611003, val_rmse=0.00202265, sqrt(train_loss)=0.00179975
data_timer 0.463816 (0.048267) transfer_timer 0.000504 (0.000392) train_timer 0.032913 (0.033616) eval_time 0.224847 (0.259989)
step=1210000, val_mae=0.000641981, val_rmse=0.00207353, sqrt(train_loss)=0.00177055
data_timer 0.399833 (0.048275) transfer_timer 0.000520 (0.000392) train_timer 0.032500 (0.033617) eval_time 0.341136 (0.260323)
step=1215000, val_mae=0.000629331, val_rmse=0.00190632, sqrt(train_loss)=0.00177302
data_timer 0.414305 (0.048279) transfer_timer 0.000500 (0.000392) train_timer 0.034046 (0.033617) eval_time 0.304227 (0.260503)
step=1220000, val_mae=0.000599845, val_rmse=0.00189762, sqrt(train_loss)=0.00172156
data_timer 0.416181 (0.048277) transfer_timer 0.000546 (0.000392) train_timer 0.032034 (0.033615) eval_time 0.199925 (0.260256)
step=1225000, val_mae=0.000576824, val_rmse=0.00193978, sqrt(train_loss)=0.00179742
data_timer 0.445499 (0.048284) transfer_timer 0.000496 (0.000392) train_timer 0.029975 (0.033613) eval_time 0.200932 (0.260015)
step=1230000, val_mae=0.000692759, val_rmse=0.00211316, sqrt(train_loss)=0.00177379
data_timer 0.483807 (0.048292) transfer_timer 0.000559 (0.000392) train_timer 0.041122 (0.033615) eval_time 0.341092 (0.260343)
step=1235000, val_mae=0.000622475, val_rmse=0.00216156, sqrt(train_loss)=0.0017973
data_timer 0.500153 (0.048300) transfer_timer 0.000498 (0.000393) train_timer 0.030680 (0.033617) eval_time 0.241460 (0.260267)
step=1240000, val_mae=0.000576706, val_rmse=0.00199252, sqrt(train_loss)=0.00183227
data_timer 0.460149 (0.048306) transfer_timer 0.000512 (0.000393) train_timer 0.028820 (0.033618) eval_time 0.253289 (0.260239)
step=1245000, val_mae=0.000556967, val_rmse=0.00194836, sqrt(train_loss)=0.001723
data_timer 0.453185 (0.048311) transfer_timer 0.000620 (0.000393) train_timer 0.085982 (0.033618) eval_time 0.322431 (0.260488)
step=1250000, val_mae=0.000631999, val_rmse=0.00192941, sqrt(train_loss)=0.00176341
data_timer 0.466394 (0.048319) transfer_timer 0.000511 (0.000393) train_timer 0.117327 (0.033620) eval_time 0.206023 (0.260271)
step=1255000, val_mae=0.000711508, val_rmse=0.00211419, sqrt(train_loss)=0.00181239
data_timer 0.460522 (0.048322) transfer_timer 0.001874 (0.000393) train_timer 0.080238 (0.033620) eval_time 0.199975 (0.260031)
step=1260000, val_mae=0.000674659, val_rmse=0.00214004, sqrt(train_loss)=0.00171603
data_timer 0.482346 (0.048328) transfer_timer 0.000549 (0.000393) train_timer 0.032142 (0.033620) eval_time 0.306166 (0.260214)
step=1265000, val_mae=0.000546831, val_rmse=0.00183254, sqrt(train_loss)=0.00169497
data_timer 0.457203 (0.048330) transfer_timer 0.000487 (0.000393) train_timer 0.031831 (0.033618) eval_time 0.341641 (0.260534)
step=1270000, val_mae=0.000570479, val_rmse=0.0019417, sqrt(train_loss)=0.00176775
data_timer 0.409047 (0.048332) transfer_timer 0.000536 (0.000393) train_timer 0.032657 (0.033618) eval_time 0.378526 (0.260997)
step=1275000, val_mae=0.000570013, val_rmse=0.00184404, sqrt(train_loss)=0.00182083
data_timer 0.487343 (0.048329) transfer_timer 0.000517 (0.000393) train_timer 0.053292 (0.033617) eval_time 0.202428 (0.260768)
step=1280000, val_mae=0.000698278, val_rmse=0.00199253, sqrt(train_loss)=0.00165914
data_timer 0.447643 (0.048329) transfer_timer 0.002614 (0.000392) train_timer 0.087405 (0.033614) eval_time 0.254414 (0.260744)
step=1285000, val_mae=0.000618141, val_rmse=0.0020571, sqrt(train_loss)=0.00174844
data_timer 0.373202 (0.048332) transfer_timer 0.000511 (0.000392) train_timer 0.055862 (0.033612) eval_time 0.289907 (0.260857)
step=1290000, val_mae=0.000750764, val_rmse=0.00211182, sqrt(train_loss)=0.00163311
data_timer 0.470169 (0.048337) transfer_timer 0.000497 (0.000392) train_timer 0.039089 (0.033613) eval_time 0.199961 (0.260621)
step=1295000, val_mae=0.000635649, val_rmse=0.00194597, sqrt(train_loss)=0.00170672
data_timer 0.471698 (0.048343) transfer_timer 0.000533 (0.000392) train_timer 0.079842 (0.033613) eval_time 0.216672 (0.260452)
step=1300000, val_mae=0.000540776, val_rmse=0.00179224, sqrt(train_loss)=0.00172848
data_timer 0.406016 (0.048351) transfer_timer 0.000537 (0.000393) train_timer 0.032383 (0.033613) eval_time 0.410243 (0.261026)
step=1305000, val_mae=0.000860746, val_rmse=0.00231045, sqrt(train_loss)=0.0017284
data_timer 0.502172 (0.048357) transfer_timer 0.000892 (0.000392) train_timer 0.055173 (0.033614) eval_time 0.200087 (0.260794)
step=1310000, val_mae=0.000567639, val_rmse=0.00188652, sqrt(train_loss)=0.00173355
data_timer 0.401613 (0.048363) transfer_timer 0.015149 (0.000393) train_timer 0.139060 (0.033616) eval_time 0.199850 (0.260562)
step=1315000, val_mae=0.000665998, val_rmse=0.00183613, sqrt(train_loss)=0.00162635
data_timer 0.445297 (0.048369) transfer_timer 0.000551 (0.000393) train_timer 0.031757 (0.033617) eval_time 0.269718 (0.260597)
step=1320000, val_mae=0.000596095, val_rmse=0.00190724, sqrt(train_loss)=0.00174822
data_timer 0.487317 (0.048376) transfer_timer 0.000523 (0.000393) train_timer 0.033038 (0.033618) eval_time 0.202649 (0.260378)
step=1325000, val_mae=0.000650976, val_rmse=0.00212159, sqrt(train_loss)=0.00173884
data_timer 0.450922 (0.048384) transfer_timer 0.000483 (0.000393) train_timer 0.042361 (0.033619) eval_time 0.287099 (0.260479)
step=1330000, val_mae=0.000519715, val_rmse=0.00178579, sqrt(train_loss)=0.00170335
data_timer 0.461717 (0.048391) transfer_timer 0.008682 (0.000393) train_timer 0.032098 (0.033620) eval_time 0.293454 (0.260602)
step=1335000, val_mae=0.000557158, val_rmse=0.0019263, sqrt(train_loss)=0.00174341
data_timer 0.480859 (0.048398) transfer_timer 0.000495 (0.000393) train_timer 0.030776 (0.033623) eval_time 0.258252 (0.260593)
step=1340000, val_mae=0.000527852, val_rmse=0.00174329, sqrt(train_loss)=0.00167218
data_timer 0.509071 (0.048405) transfer_timer 0.000475 (0.000393) train_timer 0.031510 (0.033625) eval_time 0.201051 (0.260372)
step=1345000, val_mae=0.000737805, val_rmse=0.00218961, sqrt(train_loss)=0.00167329
data_timer 0.472924 (0.048413) transfer_timer 0.000571 (0.000393) train_timer 0.091676 (0.033628) eval_time 0.260183 (0.260371)
step=1350000, val_mae=0.000530286, val_rmse=0.00182631, sqrt(train_loss)=0.00167635
data_timer 0.443310 (0.048420) transfer_timer 0.000531 (0.000393) train_timer 0.032390 (0.033630) eval_time 0.384857 (0.260831)
step=1355000, val_mae=0.000539736, val_rmse=0.00181547, sqrt(train_loss)=0.00168539
data_timer 0.499150 (0.048427) transfer_timer 0.000502 (0.000393) train_timer 0.066502 (0.033632) eval_time 0.201312 (0.260612)
step=1360000, val_mae=0.000576562, val_rmse=0.00188561, sqrt(train_loss)=0.00177157
data_timer 0.433262 (0.048433) transfer_timer 0.000532 (0.000393) train_timer 0.028882 (0.033633) eval_time 0.204440 (0.260406)
step=1365000, val_mae=0.000657473, val_rmse=0.00186877, sqrt(train_loss)=0.00174754
data_timer 0.462815 (0.048441) transfer_timer 0.000507 (0.000393) train_timer 0.031154 (0.033634) eval_time 0.208283 (0.260216)
step=1370000, val_mae=0.00057167, val_rmse=0.0018671, sqrt(train_loss)=0.00180089
data_timer 0.397678 (0.048447) transfer_timer 0.000509 (0.000393) train_timer 0.028632 (0.033637) eval_time 0.352390 (0.260551)
step=1375000, val_mae=0.000543456, val_rmse=0.00183054, sqrt(train_loss)=0.00162901
data_timer 0.426540 (0.048453) transfer_timer 0.000521 (0.000393) train_timer 0.030060 (0.033638) eval_time 0.300636 (0.260696)
step=1380000, val_mae=0.000525582, val_rmse=0.00179748, sqrt(train_loss)=0.00171934
data_timer 0.518055 (0.048460) transfer_timer 0.001448 (0.000393) train_timer 0.048906 (0.033639) eval_time 0.214421 (0.260529)
step=1385000, val_mae=0.000557176, val_rmse=0.0020202, sqrt(train_loss)=0.00163778
data_timer 0.526813 (0.048468) transfer_timer 0.001551 (0.000393) train_timer 0.089238 (0.033641) eval_time 0.199518 (0.260310)
step=1390000, val_mae=0.000532537, val_rmse=0.00187451, sqrt(train_loss)=0.00161121
data_timer 0.518351 (0.048475) transfer_timer 0.008389 (0.000394) train_timer 0.035632 (0.033644) eval_time 0.217898 (0.260158)
step=1395000, val_mae=0.000588159, val_rmse=0.00203072, sqrt(train_loss)=0.00165093
data_timer 0.448827 (0.048482) transfer_timer 0.000528 (0.000394) train_timer 0.031242 (0.033645) eval_time 0.213084 (0.259990)
step=1400000, val_mae=0.000593383, val_rmse=0.00176204, sqrt(train_loss)=0.00156727
data_timer 0.460965 (0.048489) transfer_timer 0.001349 (0.000394) train_timer 0.071407 (0.033647) eval_time 0.226544 (0.259870)
step=1405000, val_mae=0.00056512, val_rmse=0.0018244, sqrt(train_loss)=0.0016384
data_timer 0.463870 (0.048496) transfer_timer 0.000519 (0.000394) train_timer 0.030293 (0.033650) eval_time 0.309927 (0.260048)
step=1410000, val_mae=0.000705462, val_rmse=0.00234632, sqrt(train_loss)=0.0015956
data_timer 0.446796 (0.048503) transfer_timer 0.000538 (0.000394) train_timer 0.058273 (0.033652) eval_time 0.281024 (0.260122)
step=1415000, val_mae=0.000543667, val_rmse=0.00193982, sqrt(train_loss)=0.00166726
data_timer 0.471566 (0.048510) transfer_timer 0.000505 (0.000394) train_timer 0.030782 (0.033654) eval_time 0.287561 (0.260219)
step=1420000, val_mae=0.000679631, val_rmse=0.00229219, sqrt(train_loss)=0.00166597
data_timer 0.441925 (0.048517) transfer_timer 0.000537 (0.000394) train_timer 0.028590 (0.033656) eval_time 0.320735 (0.260431)
step=1425000, val_mae=0.000624476, val_rmse=0.00184881, sqrt(train_loss)=0.00164222
data_timer 0.469315 (0.048525) transfer_timer 0.000484 (0.000394) train_timer 0.031275 (0.033657) eval_time 0.223517 (0.260302)
step=1430000, val_mae=0.000594467, val_rmse=0.00192964, sqrt(train_loss)=0.00167542
data_timer 0.434903 (0.048532) transfer_timer 0.000521 (0.000394) train_timer 0.041214 (0.033661) eval_time 0.257443 (0.260292)
step=1435000, val_mae=0.000568449, val_rmse=0.00192524, sqrt(train_loss)=0.00162055
data_timer 0.453872 (0.048539) transfer_timer 0.000512 (0.000394) train_timer 0.038981 (0.033662) eval_time 0.279927 (0.260360)
step=1440000, val_mae=0.000568268, val_rmse=0.00181178, sqrt(train_loss)=0.00171585
data_timer 0.430903 (0.048547) transfer_timer 0.000501 (0.000394) train_timer 0.028892 (0.033663) eval_time 0.204935 (0.260168)
step=1445000, val_mae=0.000653384, val_rmse=0.00202857, sqrt(train_loss)=0.00169933
data_timer 0.436259 (0.048554) transfer_timer 0.000545 (0.000394) train_timer 0.034862 (0.033665) eval_time 0.361894 (0.260519)
step=1450000, val_mae=0.000513797, val_rmse=0.00167504, sqrt(train_loss)=0.00162033
data_timer 0.470948 (0.048562) transfer_timer 0.000518 (0.000394) train_timer 0.031123 (0.033666) eval_time 0.436294 (0.261123)
step=1455000, val_mae=0.000511405, val_rmse=0.00174883, sqrt(train_loss)=0.00165522
data_timer 0.456852 (0.048568) transfer_timer 0.000543 (0.000394) train_timer 0.030533 (0.033669) eval_time 0.373628 (0.261509)
step=1460000, val_mae=0.00120786, val_rmse=0.00286554, sqrt(train_loss)=0.00154702
data_timer 0.496707 (0.048573) transfer_timer 0.000487 (0.000394) train_timer 0.035871 (0.033670) eval_time 0.202770 (0.261308)
step=1465000, val_mae=0.000509006, val_rmse=0.00178399, sqrt(train_loss)=0.00163288
data_timer 0.485831 (0.048580) transfer_timer 0.003186 (0.000395) train_timer 0.122177 (0.033673) eval_time 0.320488 (0.261509)
step=1470000, val_mae=0.000573446, val_rmse=0.00179981, sqrt(train_loss)=0.00157911
data_timer 0.467229 (0.048587) transfer_timer 0.000484 (0.000395) train_timer 0.039988 (0.033673) eval_time 0.273139 (0.261549)
step=1475000, val_mae=0.000659845, val_rmse=0.0018314, sqrt(train_loss)=0.00163752
data_timer 0.493518 (0.048594) transfer_timer 0.000512 (0.000395) train_timer 0.030570 (0.033676) eval_time 0.216077 (0.261395)
step=1480000, val_mae=0.000505645, val_rmse=0.00167906, sqrt(train_loss)=0.00160627
data_timer 0.441588 (0.048600) transfer_timer 0.000564 (0.000395) train_timer 0.041900 (0.033678) eval_time 0.339161 (0.261657)
step=1485000, val_mae=0.000556117, val_rmse=0.00189798, sqrt(train_loss)=0.00156858
data_timer 0.450555 (0.048606) transfer_timer 0.000556 (0.000395) train_timer 0.093291 (0.033680) eval_time 0.238384 (0.261579)
step=1490000, val_mae=0.000568041, val_rmse=0.00175322, sqrt(train_loss)=0.00174001
data_timer 0.463713 (0.048612) transfer_timer 0.000465 (0.000395) train_timer 0.029006 (0.033682) eval_time 0.333019 (0.261818)
step=1495000, val_mae=0.000566241, val_rmse=0.00198342, sqrt(train_loss)=0.00163099
data_timer 0.428957 (0.048620) transfer_timer 0.000525 (0.000395) train_timer 0.031549 (0.033684) eval_time 0.260654 (0.261814)
step=1500000, val_mae=0.000530117, val_rmse=0.00177262, sqrt(train_loss)=0.00174557
data_timer 0.468407 (0.048627) transfer_timer 0.000512 (0.000395) train_timer 0.030048 (0.033686) eval_time 0.287348 (0.261899)
step=1505000, val_mae=0.000581287, val_rmse=0.00192704, sqrt(train_loss)=0.00166588
data_timer 0.449527 (0.048633) transfer_timer 0.000738 (0.000395) train_timer 0.170050 (0.033688) eval_time 0.199783 (0.261693)
step=1510000, val_mae=0.000524894, val_rmse=0.00187474, sqrt(train_loss)=0.00163377
data_timer 0.442833 (0.048640) transfer_timer 0.000510 (0.000395) train_timer 0.039909 (0.033690) eval_time 0.293967 (0.261800)
step=1515000, val_mae=0.000586256, val_rmse=0.00178126, sqrt(train_loss)=0.00157032
data_timer 0.468314 (0.048646) transfer_timer 0.000492 (0.000395) train_timer 0.031177 (0.033692) eval_time 0.222877 (0.261672)
step=1520000, val_mae=0.000546427, val_rmse=0.0018484, sqrt(train_loss)=0.00168307
data_timer 0.467527 (0.048652) transfer_timer 0.000537 (0.000395) train_timer 0.040768 (0.033693) eval_time 0.200351 (0.261471)
step=1525000, val_mae=0.000566531, val_rmse=0.00185433, sqrt(train_loss)=0.0015828
data_timer 0.445719 (0.048659) transfer_timer 0.000549 (0.000395) train_timer 0.032695 (0.033696) eval_time 0.285236 (0.261548)
step=1530000, val_mae=0.000542848, val_rmse=0.00193163, sqrt(train_loss)=0.0015791
data_timer 0.519378 (0.048666) transfer_timer 0.000547 (0.000396) train_timer 0.028799 (0.033698) eval_time 0.304753 (0.261689)
step=1535000, val_mae=0.000600437, val_rmse=0.00191428, sqrt(train_loss)=0.00163553
data_timer 0.458582 (0.048672) transfer_timer 0.000506 (0.000396) train_timer 0.036505 (0.033700) eval_time 0.274868 (0.261732)
step=1540000, val_mae=0.000504128, val_rmse=0.00171712, sqrt(train_loss)=0.00162212
data_timer 0.421830 (0.048679) transfer_timer 0.000521 (0.000396) train_timer 0.034375 (0.033702) eval_time 0.364977 (0.262066)
step=1545000, val_mae=0.000533016, val_rmse=0.00182301, sqrt(train_loss)=0.00158555
data_timer 0.456370 (0.048686) transfer_timer 0.000529 (0.000396) train_timer 0.031702 (0.033705) eval_time 0.248373 (0.262022)
step=1550000, val_mae=0.000503469, val_rmse=0.00171387, sqrt(train_loss)=0.00159607
data_timer 0.505940 (0.048692) transfer_timer 0.000534 (0.000396) train_timer 0.053204 (0.033707) eval_time 0.280461 (0.262081)
step=1555000, val_mae=0.000492443, val_rmse=0.00165979, sqrt(train_loss)=0.00159386
data_timer 0.461281 (0.048699) transfer_timer 0.000480 (0.000396) train_timer 0.032447 (0.033709) eval_time 0.394343 (0.262505)
step=1560000, val_mae=0.000747124, val_rmse=0.00199993, sqrt(train_loss)=0.00159717
data_timer 0.495372 (0.048705) transfer_timer 0.000526 (0.000396) train_timer 0.028896 (0.033711) eval_time 0.201706 (0.262311)
step=1565000, val_mae=0.000622726, val_rmse=0.00191697, sqrt(train_loss)=0.00152023
data_timer 0.454146 (0.048711) transfer_timer 0.000763 (0.000396) train_timer 0.118765 (0.033713) eval_time 0.202787 (0.262121)
step=1570000, val_mae=0.000524521, val_rmse=0.00177486, sqrt(train_loss)=0.0015757
data_timer 0.530426 (0.048719) transfer_timer 0.005222 (0.000396) train_timer 0.041407 (0.033715) eval_time 0.201958 (0.261930)
step=1575000, val_mae=0.00054245, val_rmse=0.00186125, sqrt(train_loss)=0.00160634
data_timer 0.460885 (0.048726) transfer_timer 0.000509 (0.000396) train_timer 0.031705 (0.033716) eval_time 0.201944 (0.261740)
step=1580000, val_mae=0.000542696, val_rmse=0.00178858, sqrt(train_loss)=0.00154539
data_timer 0.499228 (0.048732) transfer_timer 0.000499 (0.000396) train_timer 0.036772 (0.033717) eval_time 0.214624 (0.261592)
step=1585000, val_mae=0.000512882, val_rmse=0.00170906, sqrt(train_loss)=0.00159458
data_timer 0.438568 (0.048738) transfer_timer 0.000724 (0.000396) train_timer 0.032704 (0.033719) eval_time 0.278970 (0.261646)
step=1590000, val_mae=0.000598679, val_rmse=0.00192308, sqrt(train_loss)=0.00159981
data_timer 0.477432 (0.048745) transfer_timer 0.000492 (0.000396) train_timer 0.031911 (0.033720) eval_time 0.213786 (0.261496)
step=1595000, val_mae=0.000553071, val_rmse=0.00194492, sqrt(train_loss)=0.00151403
data_timer 0.449035 (0.048751) transfer_timer 0.000708 (0.000396) train_timer 0.198722 (0.033723) eval_time 0.201923 (0.261310)
step=1600000, val_mae=0.00077723, val_rmse=0.00212524, sqrt(train_loss)=0.00161691
data_timer 0.486078 (0.048757) transfer_timer 0.000547 (0.000396) train_timer 0.031877 (0.033725) eval_time 0.200572 (0.261121)
step=1605000, val_mae=0.000557345, val_rmse=0.00187162, sqrt(train_loss)=0.00156046
data_timer 0.437655 (0.048763) transfer_timer 0.000523 (0.000396) train_timer 0.032776 (0.033728) eval_time 0.299087 (0.261239)
step=1610000, val_mae=0.000526008, val_rmse=0.00179812, sqrt(train_loss)=0.00152708
data_timer 0.494272 (0.048770) transfer_timer 0.002919 (0.000397) train_timer 0.143213 (0.033730) eval_time 0.199748 (0.261048)
step=1615000, val_mae=0.000494857, val_rmse=0.00168593, sqrt(train_loss)=0.001535
data_timer 0.483349 (0.048776) transfer_timer 0.000547 (0.000397) train_timer 0.031225 (0.033731) eval_time 0.250553 (0.261016)
step=1620000, val_mae=0.000653715, val_rmse=0.00203939, sqrt(train_loss)=0.00151888
data_timer 0.424020 (0.048783) transfer_timer 0.001412 (0.000397) train_timer 0.055901 (0.033733) eval_time 0.201380 (0.260832)
step=1625000, val_mae=0.000556707, val_rmse=0.0017061, sqrt(train_loss)=0.00151023
data_timer 0.458186 (0.048788) transfer_timer 0.000512 (0.000397) train_timer 0.030233 (0.033735) eval_time 0.261966 (0.260836)
step=1630000, val_mae=0.000629101, val_rmse=0.00213887, sqrt(train_loss)=0.0015222
data_timer 0.551045 (0.048795) transfer_timer 0.001003 (0.000397) train_timer 0.070327 (0.033736) eval_time 0.199839 (0.260649)
step=1635000, val_mae=0.000519661, val_rmse=0.00176446, sqrt(train_loss)=0.00152525
data_timer 0.456165 (0.048801) transfer_timer 0.000495 (0.000397) train_timer 0.072456 (0.033738) eval_time 0.233667 (0.260567)
step=1640000, val_mae=0.000542604, val_rmse=0.00165141, sqrt(train_loss)=0.00147205
data_timer 0.464980 (0.048807) transfer_timer 0.000552 (0.000397) train_timer 0.033436 (0.033740) eval_time 0.270414 (0.260597)
step=1645000, val_mae=0.000536901, val_rmse=0.00175185, sqrt(train_loss)=0.00154713
data_timer 0.492087 (0.048813) transfer_timer 0.000493 (0.000397) train_timer 0.033118 (0.033742) eval_time 0.287360 (0.260678)
step=1650000, val_mae=0.000491658, val_rmse=0.00165369, sqrt(train_loss)=0.00152511
data_timer 0.462475 (0.048820) transfer_timer 0.000528 (0.000397) train_timer 0.031866 (0.033744) eval_time 0.372545 (0.261016)
step=1655000, val_mae=0.000564205, val_rmse=0.00188665, sqrt(train_loss)=0.00159292
data_timer 0.478215 (0.048826) transfer_timer 0.000503 (0.000397) train_timer 0.032221 (0.033746) eval_time 0.275330 (0.261059)
step=1660000, val_mae=0.000531738, val_rmse=0.00170365, sqrt(train_loss)=0.00148904
data_timer 0.488250 (0.048832) transfer_timer 0.000586 (0.000397) train_timer 0.102407 (0.033748) eval_time 0.239553 (0.260995)
step=1665000, val_mae=0.000544507, val_rmse=0.001725, sqrt(train_loss)=0.00150681
data_timer 0.467200 (0.048838) transfer_timer 0.000529 (0.000397) train_timer 0.030600 (0.033750) eval_time 0.202815 (0.260821)
step=1670000, val_mae=0.000627989, val_rmse=0.00178589, sqrt(train_loss)=0.00153249
data_timer 0.451517 (0.048843) transfer_timer 0.000525 (0.000397) train_timer 0.029983 (0.033752) eval_time 0.358390 (0.261112)
step=1675000, val_mae=0.000533289, val_rmse=0.00178865, sqrt(train_loss)=0.00156632
data_timer 0.513969 (0.048847) transfer_timer 0.001364 (0.000397) train_timer 0.037198 (0.033754) eval_time 0.212047 (0.260966)
step=1680000, val_mae=0.000547823, val_rmse=0.00185691, sqrt(train_loss)=0.00146087
data_timer 0.472642 (0.048851) transfer_timer 0.000481 (0.000398) train_timer 0.033301 (0.033757) eval_time 0.258860 (0.260959)
step=1685000, val_mae=0.00048557, val_rmse=0.00167319, sqrt(train_loss)=0.00162834
data_timer 0.491603 (0.048856) transfer_timer 0.000495 (0.000398) train_timer 0.064778 (0.033758) eval_time 0.315700 (0.261121)
step=1690000, val_mae=0.000483445, val_rmse=0.0016592, sqrt(train_loss)=0.00159732
data_timer 0.461917 (0.048861) transfer_timer 0.000547 (0.000398) train_timer 0.032619 (0.033758) eval_time 0.370417 (0.261444)
step=1695000, val_mae=0.000535859, val_rmse=0.00172926, sqrt(train_loss)=0.00147727
data_timer 0.478735 (0.048866) transfer_timer 0.000511 (0.000398) train_timer 0.031309 (0.033759) eval_time 0.200270 (0.261264)
step=1700000, val_mae=0.000485749, val_rmse=0.00165581, sqrt(train_loss)=0.00153752
data_timer 0.504587 (0.048872) transfer_timer 0.000468 (0.000398) train_timer 0.030432 (0.033760) eval_time 0.322392 (0.261443)
step=1705000, val_mae=0.000683851, val_rmse=0.00185384, sqrt(train_loss)=0.00151092
data_timer 0.488917 (0.048877) transfer_timer 0.000545 (0.000398) train_timer 0.054110 (0.033761) eval_time 0.230829 (0.261354)
step=1710000, val_mae=0.000557076, val_rmse=0.00170479, sqrt(train_loss)=0.00154548
data_timer 0.432780 (0.048884) transfer_timer 0.000514 (0.000398) train_timer 0.135477 (0.033764) eval_time 0.220519 (0.261235)
step=1715000, val_mae=0.000519213, val_rmse=0.00174717, sqrt(train_loss)=0.00154579
data_timer 0.467182 (0.048889) transfer_timer 0.000545 (0.000398) train_timer 0.029301 (0.033767) eval_time 0.230888 (0.261146)
step=1720000, val_mae=0.000529738, val_rmse=0.0017175, sqrt(train_loss)=0.00154926
data_timer 0.452857 (0.048894) transfer_timer 0.000572 (0.000398) train_timer 0.030867 (0.033769) eval_time 0.327013 (0.261337)
step=1725000, val_mae=0.000523205, val_rmse=0.00177834, sqrt(train_loss)=0.00151305
data_timer 0.510380 (0.048901) transfer_timer 0.000505 (0.000398) train_timer 0.029513 (0.033770) eval_time 0.247205 (0.261296)
step=1730000, val_mae=0.000521528, val_rmse=0.0017218, sqrt(train_loss)=0.00144886
data_timer 0.481331 (0.048906) transfer_timer 0.000495 (0.000398) train_timer 0.050642 (0.033773) eval_time 0.255156 (0.261279)
step=1735000, val_mae=0.00063636, val_rmse=0.00184723, sqrt(train_loss)=0.00147682
data_timer 0.640326 (0.048911) transfer_timer 0.000524 (0.000398) train_timer 0.132731 (0.033776) eval_time 0.245477 (0.261233)
step=1740000, val_mae=0.000493023, val_rmse=0.00162759, sqrt(train_loss)=0.00139858
data_timer 0.543823 (0.048917) transfer_timer 0.000492 (0.000398) train_timer 0.031533 (0.033777) eval_time 0.199632 (0.261057)
step=1745000, val_mae=0.000561907, val_rmse=0.0019775, sqrt(train_loss)=0.00146761
data_timer 0.477264 (0.048923) transfer_timer 0.000436 (0.000398) train_timer 0.028937 (0.033778) eval_time 0.272446 (0.261089)
step=1750000, val_mae=0.000502298, val_rmse=0.0016645, sqrt(train_loss)=0.00154542
data_timer 0.429853 (0.048928) transfer_timer 0.000632 (0.000398) train_timer 0.102065 (0.033779) eval_time 0.292765 (0.261180)
step=1755000, val_mae=0.000491687, val_rmse=0.0018132, sqrt(train_loss)=0.0015574
data_timer 0.452068 (0.048934) transfer_timer 0.000500 (0.000398) train_timer 0.031942 (0.033782) eval_time 0.266283 (0.261194)
step=1760000, val_mae=0.000486786, val_rmse=0.00164342, sqrt(train_loss)=0.00148334
data_timer 0.525367 (0.048939) transfer_timer 0.003092 (0.000398) train_timer 0.086605 (0.033784) eval_time 0.199114 (0.261018)
step=1765000, val_mae=0.000522347, val_rmse=0.00166979, sqrt(train_loss)=0.0015391
data_timer 0.516100 (0.048944) transfer_timer 0.001114 (0.000398) train_timer 0.067388 (0.033786) eval_time 0.202410 (0.260853)
step=1770000, val_mae=0.00047573, val_rmse=0.00162023, sqrt(train_loss)=0.00149079
data_timer 0.480000 (0.048949) transfer_timer 0.000554 (0.000398) train_timer 0.049041 (0.033788) eval_time 0.296109 (0.260952)
step=1775000, val_mae=0.000601273, val_rmse=0.00183522, sqrt(train_loss)=0.00142411
data_timer 0.499851 (0.048954) transfer_timer 0.000450 (0.000398) train_timer 0.030045 (0.033790) eval_time 0.203091 (0.260790)
step=1780000, val_mae=0.000501655, val_rmse=0.00165568, sqrt(train_loss)=0.00142467
data_timer 0.466787 (0.048960) transfer_timer 0.000584 (0.000398) train_timer 0.034725 (0.033791) eval_time 0.298786 (0.260896)
step=1785000, val_mae=0.000482533, val_rmse=0.00167929, sqrt(train_loss)=0.00144488
data_timer 0.442787 (0.048965) transfer_timer 0.000486 (0.000399) train_timer 0.029914 (0.033793) eval_time 0.208323 (0.260749)
step=1790000, val_mae=0.000502951, val_rmse=0.00167529, sqrt(train_loss)=0.00150524
data_timer 0.473701 (0.048969) transfer_timer 0.001143 (0.000399) train_timer 0.155214 (0.033796) eval_time 0.200528 (0.260581)
step=1795000, val_mae=0.000523379, val_rmse=0.00176334, sqrt(train_loss)=0.00162196
data_timer 0.471881 (0.048974) transfer_timer 0.000527 (0.000399) train_timer 0.032049 (0.033798) eval_time 0.200555 (0.260415)
step=1800000, val_mae=0.000552959, val_rmse=0.00188785, sqrt(train_loss)=0.00149828
data_timer 0.502636 (0.048978) transfer_timer 0.005993 (0.000399) train_timer 0.056616 (0.033799) eval_time 0.199771 (0.260247)
step=1805000, val_mae=0.000549025, val_rmse=0.00172924, sqrt(train_loss)=0.00140662
data_timer 0.454487 (0.048983) transfer_timer 0.000529 (0.000399) train_timer 0.031884 (0.033801) eval_time 0.305327 (0.260371)
step=1810000, val_mae=0.000468515, val_rmse=0.00157894, sqrt(train_loss)=0.00141474
data_timer 0.489986 (0.048987) transfer_timer 0.000543 (0.000399) train_timer 0.030543 (0.033801) eval_time 0.279778 (0.260425)
step=1815000, val_mae=0.000495138, val_rmse=0.00170067, sqrt(train_loss)=0.00142326
data_timer 0.467256 (0.048993) transfer_timer 0.000509 (0.000399) train_timer 0.032548 (0.033802) eval_time 0.267987 (0.260445)
step=1820000, val_mae=0.00053769, val_rmse=0.00173296, sqrt(train_loss)=0.00155352
data_timer 0.441078 (0.048997) transfer_timer 0.000568 (0.000399) train_timer 0.100658 (0.033803) eval_time 0.282059 (0.260505)
step=1825000, val_mae=0.000516946, val_rmse=0.00170014, sqrt(train_loss)=0.00164068
data_timer 0.485658 (0.049001) transfer_timer 0.000497 (0.000399) train_timer 0.029289 (0.033805) eval_time 0.202126 (0.260345)
step=1830000, val_mae=0.000521207, val_rmse=0.00168847, sqrt(train_loss)=0.00147297
data_timer 0.478483 (0.049006) transfer_timer 0.000523 (0.000399) train_timer 0.034315 (0.033805) eval_time 0.267977 (0.260366)
step=1835000, val_mae=0.000474781, val_rmse=0.00158888, sqrt(train_loss)=0.00146676
data_timer 0.574085 (0.049011) transfer_timer 0.001949 (0.000399) train_timer 0.057992 (0.033806) eval_time 0.218106 (0.260251)
step=1840000, val_mae=0.000486693, val_rmse=0.00168001, sqrt(train_loss)=0.00146336
data_timer 0.456049 (0.049016) transfer_timer 0.000493 (0.000399) train_timer 0.058024 (0.033808) eval_time 0.277693 (0.260298)
step=1845000, val_mae=0.000513311, val_rmse=0.00165701, sqrt(train_loss)=0.00148184
data_timer 0.488461 (0.049021) transfer_timer 0.000518 (0.000399) train_timer 0.031969 (0.033810) eval_time 0.199384 (0.260134)
step=1850000, val_mae=0.000502165, val_rmse=0.00173919, sqrt(train_loss)=0.00151218
data_timer 0.470055 (0.049026) transfer_timer 0.000573 (0.000399) train_timer 0.034056 (0.033811) eval_time 0.236014 (0.260069)
step=1855000, val_mae=0.000729701, val_rmse=0.00170303, sqrt(train_loss)=0.00139162
data_timer 0.445011 (0.049030) transfer_timer 0.000533 (0.000399) train_timer 0.032435 (0.033812) eval_time 0.313482 (0.260212)
step=1860000, val_mae=0.000481944, val_rmse=0.00158523, sqrt(train_loss)=0.00145116
data_timer 0.477677 (0.049034) transfer_timer 0.000540 (0.000399) train_timer 0.107038 (0.033813) eval_time 0.231239 (0.260135)
step=1865000, val_mae=0.000558121, val_rmse=0.00170833, sqrt(train_loss)=0.00142208
data_timer 0.493560 (0.049039) transfer_timer 0.000528 (0.000399) train_timer 0.030590 (0.033814) eval_time 0.295057 (0.260228)
step=1870000, val_mae=0.000670531, val_rmse=0.00193473, sqrt(train_loss)=0.00135986
data_timer 0.455556 (0.049043) transfer_timer 0.000513 (0.000399) train_timer 0.031837 (0.033814) eval_time 0.298742 (0.260331)
step=1875000, val_mae=0.000515802, val_rmse=0.00163526, sqrt(train_loss)=0.00153905
data_timer 0.424853 (0.049047) transfer_timer 0.000473 (0.000399) train_timer 0.029391 (0.033816) eval_time 0.355626 (0.260584)
step=1880000, val_mae=0.000539634, val_rmse=0.00162052, sqrt(train_loss)=0.0015066
data_timer 0.450450 (0.049051) transfer_timer 0.000539 (0.000399) train_timer 0.031070 (0.033815) eval_time 0.304558 (0.260701)
step=1885000, val_mae=0.000518399, val_rmse=0.00171522, sqrt(train_loss)=0.00142687
data_timer 0.487646 (0.049056) transfer_timer 0.000582 (0.000399) train_timer 0.117999 (0.033818) eval_time 0.199903 (0.260540)
step=1890000, val_mae=0.000516013, val_rmse=0.00169429, sqrt(train_loss)=0.00155674
data_timer 0.474906 (0.049061) transfer_timer 0.000550 (0.000399) train_timer 0.032666 (0.033818) eval_time 0.285181 (0.260605)
step=1895000, val_mae=0.000541072, val_rmse=0.00167173, sqrt(train_loss)=0.00145226
data_timer 0.501835 (0.049065) transfer_timer 0.000545 (0.000400) train_timer 0.030195 (0.033820) eval_time 0.218056 (0.260493)
step=1900000, val_mae=0.000564454, val_rmse=0.00199371, sqrt(train_loss)=0.00137346
data_timer 0.444006 (0.049069) transfer_timer 0.000475 (0.000400) train_timer 0.028873 (0.033821) eval_time 0.200190 (0.260335)
step=1905000, val_mae=0.000492106, val_rmse=0.00166194, sqrt(train_loss)=0.00147511
data_timer 0.510453 (0.049074) transfer_timer 0.001176 (0.000400) train_timer 0.036873 (0.033822) eval_time 0.269595 (0.260359)
step=1910000, val_mae=0.000512035, val_rmse=0.00166355, sqrt(train_loss)=0.00142505
data_timer 0.488924 (0.049080) transfer_timer 0.000517 (0.000400) train_timer 0.033903 (0.033823) eval_time 0.226506 (0.260271)
step=1915000, val_mae=0.000485395, val_rmse=0.00163614, sqrt(train_loss)=0.00142261
data_timer 0.433803 (0.049085) transfer_timer 0.000749 (0.000400) train_timer 0.127541 (0.033824) eval_time 0.204166 (0.260124)
step=1920000, val_mae=0.000473054, val_rmse=0.00160846, sqrt(train_loss)=0.00146208
data_timer 0.426453 (0.049089) transfer_timer 0.000558 (0.000400) train_timer 0.053154 (0.033825) eval_time 0.256048 (0.260114)
step=1925000, val_mae=0.000536365, val_rmse=0.00152884, sqrt(train_loss)=0.00148537
data_timer 0.455464 (0.049093) transfer_timer 0.000516 (0.000400) train_timer 0.030507 (0.033827) eval_time 0.253247 (0.260096)
step=1930000, val_mae=0.000534566, val_rmse=0.00174781, sqrt(train_loss)=0.00143145
data_timer 0.473581 (0.049098) transfer_timer 0.000548 (0.000400) train_timer 0.031019 (0.033829) eval_time 0.215767 (0.259982)
step=1935000, val_mae=0.000601448, val_rmse=0.00180084, sqrt(train_loss)=0.00142473
data_timer 0.473222 (0.049104) transfer_timer 0.001046 (0.000400) train_timer 0.041743 (0.033830) eval_time 0.234460 (0.259916)
step=1940000, val_mae=0.000492371, val_rmse=0.00167579, sqrt(train_loss)=0.00139052
data_timer 0.480058 (0.049108) transfer_timer 0.001621 (0.000400) train_timer 0.042905 (0.033832) eval_time 0.202116 (0.259767)
step=1945000, val_mae=0.000522377, val_rmse=0.00154271, sqrt(train_loss)=0.00144192
data_timer 0.476912 (0.049112) transfer_timer 0.000518 (0.000400) train_timer 0.031203 (0.033833) eval_time 0.252817 (0.259749)
step=1950000, val_mae=0.000633641, val_rmse=0.00187315, sqrt(train_loss)=0.00144469
data_timer 0.444442 (0.049117) transfer_timer 0.000580 (0.000400) train_timer 0.030911 (0.033834) eval_time 0.259808 (0.259749)
step=1955000, val_mae=0.000545789, val_rmse=0.00162334, sqrt(train_loss)=0.00139502
data_timer 0.507736 (0.049121) transfer_timer 0.000495 (0.000400) train_timer 0.028815 (0.033836) eval_time 0.298991 (0.259850)
step=1960000, val_mae=0.000517122, val_rmse=0.00156045, sqrt(train_loss)=0.0014077
data_timer 0.562747 (0.049126) transfer_timer 0.000471 (0.000400) train_timer 0.030034 (0.033838) eval_time 0.220134 (0.259749)
step=1965000, val_mae=0.000480521, val_rmse=0.00165802, sqrt(train_loss)=0.0014682
data_timer 0.426141 (0.049130) transfer_timer 0.000485 (0.000400) train_timer 0.030278 (0.033839) eval_time 0.269404 (0.259773)
step=1970000, val_mae=0.000471883, val_rmse=0.00164201, sqrt(train_loss)=0.00142802
data_timer 0.460021 (0.049134) transfer_timer 0.000518 (0.000400) train_timer 0.031721 (0.033840) eval_time 0.259515 (0.259772)
step=1975000, val_mae=0.000487511, val_rmse=0.00162733, sqrt(train_loss)=0.00146328
data_timer 0.517493 (0.049138) transfer_timer 0.000491 (0.000400) train_timer 0.031794 (0.033842) eval_time 0.223099 (0.259680)
step=1980000, val_mae=0.000526896, val_rmse=0.00167369, sqrt(train_loss)=0.00142706
data_timer 0.517698 (0.049143) transfer_timer 0.000557 (0.000400) train_timer 0.030164 (0.033844) eval_time 0.379485 (0.259982)
step=1985000, val_mae=0.00109124, val_rmse=0.0028785, sqrt(train_loss)=0.00146878
data_timer 0.457358 (0.049146) transfer_timer 0.000777 (0.000400) train_timer 0.031622 (0.033846) eval_time 0.397596 (0.260327)
step=1990000, val_mae=0.000503682, val_rmse=0.00156131, sqrt(train_loss)=0.00156109
data_timer 0.455399 (0.049150) transfer_timer 0.000509 (0.000400) train_timer 0.029957 (0.033847) eval_time 0.258923 (0.260324)
step=1995000, val_mae=0.000461675, val_rmse=0.00159631, sqrt(train_loss)=0.00141872
data_timer 0.447368 (0.049154) transfer_timer 0.015794 (0.000400) train_timer 0.031903 (0.033849) eval_time 0.467428 (0.260842)
step=2000000, val_mae=0.000473006, val_rmse=0.00157366, sqrt(train_loss)=0.00144759
data_timer 0.589628 (0.049159) transfer_timer 0.000521 (0.000400) train_timer 0.031696 (0.033849) eval_time 0.200138 (0.260690)
step=2005000, val_mae=0.000482294, val_rmse=0.00166448, sqrt(train_loss)=0.0013664
data_timer 0.471027 (0.049162) transfer_timer 0.000500 (0.000400) train_timer 0.030000 (0.033852) eval_time 0.200132 (0.260540)
step=2010000, val_mae=0.000648874, val_rmse=0.00185519, sqrt(train_loss)=0.00139468
data_timer 0.429578 (0.049167) transfer_timer 0.000579 (0.000400) train_timer 0.029939 (0.033852) eval_time 0.378097 (0.260831)
step=2015000, val_mae=0.000491048, val_rmse=0.00173735, sqrt(train_loss)=0.00145307
data_timer 0.445541 (0.049171) transfer_timer 0.000488 (0.000400) train_timer 0.031964 (0.033854) eval_time 0.332539 (0.261009)
step=2020000, val_mae=0.000458875, val_rmse=0.00154808, sqrt(train_loss)=0.00136191
data_timer 0.422293 (0.049176) transfer_timer 0.000508 (0.000400) train_timer 0.031583 (0.033856) eval_time 0.326190 (0.261170)
step=2025000, val_mae=0.000506007, val_rmse=0.00174776, sqrt(train_loss)=0.00149944
data_timer 0.509510 (0.049180) transfer_timer 0.000540 (0.000400) train_timer 0.032596 (0.033857) eval_time 0.227640 (0.261087)
slurmstepd: error: *** JOB 11929 ON bcm-dgxa100-0001 CANCELLED AT 2023-10-03T16:38:48 DUE TO TIME LIMIT ***
